Using pre-set license
Built from '2021.3/staging' branch; Version is '2021.3.21f1 (1b156197d683) revision 1774945'; Using compiler version '192829333'; Build Type 'Release'
OS: 'Windows 10  (10.0.19041) 64bit Professional' Language: 'en' Physical Memory: 16262 MB
BatchMode: 1, IsHumanControllingUs: 0, StartBugReporterOnCrash: 0, Is64bit: 1, IsPro: 1

COMMAND LINE ARGUMENTS:
D:\SettingFolder\Unity\2021.3.21f1\Editor\Unity.exe
-adb2
-batchMode
-noUpm
-name
AssetImportWorker0
-projectPath
D:/Workplace/CrysisONOmniverse/CoO
-logFile
Logs/AssetImportWorker0.log
-srvPort
59734
Successfully changed project path to: D:/Workplace/CrysisONOmniverse/CoO
D:/Workplace/CrysisONOmniverse/CoO
[UnityMemory] Configuration Parameters - Can be set up in boot.config
    "memorysetup-bucket-allocator-granularity=16"
    "memorysetup-bucket-allocator-bucket-count=8"
    "memorysetup-bucket-allocator-block-size=33554432"
    "memorysetup-bucket-allocator-block-count=8"
    "memorysetup-main-allocator-block-size=16777216"
    "memorysetup-thread-allocator-block-size=16777216"
    "memorysetup-gfx-main-allocator-block-size=16777216"
    "memorysetup-gfx-thread-allocator-block-size=16777216"
    "memorysetup-cache-allocator-block-size=4194304"
    "memorysetup-typetree-allocator-block-size=2097152"
    "memorysetup-profiler-bucket-allocator-granularity=16"
    "memorysetup-profiler-bucket-allocator-bucket-count=8"
    "memorysetup-profiler-bucket-allocator-block-size=33554432"
    "memorysetup-profiler-bucket-allocator-block-count=8"
    "memorysetup-profiler-allocator-block-size=16777216"
    "memorysetup-profiler-editor-allocator-block-size=1048576"
    "memorysetup-temp-allocator-size-main=16777216"
    "memorysetup-job-temp-allocator-block-size=2097152"
    "memorysetup-job-temp-allocator-block-size-background=1048576"
    "memorysetup-job-temp-allocator-reduction-small-platforms=262144"
    "memorysetup-temp-allocator-size-background-worker=32768"
    "memorysetup-temp-allocator-size-job-worker=262144"
    "memorysetup-temp-allocator-size-preload-manager=33554432"
    "memorysetup-temp-allocator-size-nav-mesh-worker=65536"
    "memorysetup-temp-allocator-size-audio-worker=65536"
    "memorysetup-temp-allocator-size-cloud-worker=32768"
    "memorysetup-temp-allocator-size-gi-baking-worker=262144"
    "memorysetup-temp-allocator-size-gfx=262144"
Player connection [7956] Host "[IP] 172.16.1.92 [Port] 0 [Flags] 2 [Guid] 2233244017 [EditorId] 2233244017 [Version] 1048832 [Id] WindowsEditor(7,Admin) [Debug] 1 [PackageName] WindowsEditor [ProjectName] Editor" joined multi-casting on [225.0.0.222:54997]...

Player connection [7956] Host "[IP] 172.16.1.92 [Port] 0 [Flags] 2 [Guid] 2233244017 [EditorId] 2233244017 [Version] 1048832 [Id] WindowsEditor(7,Admin) [Debug] 1 [PackageName] WindowsEditor [ProjectName] Editor" joined alternative multi-casting on [225.0.0.222:34997]...

Refreshing native plugins compatible for Editor in 68.85 ms, found 2 plugins.
Preloading 0 native plugins for Editor in 0.00 ms.
Initialize engine version: 2021.3.21f1 (1b156197d683)
[Subsystems] Discovering subsystems at path D:/SettingFolder/Unity/2021.3.21f1/Editor/Data/Resources/UnitySubsystems
[Subsystems] Discovering subsystems at path D:/Workplace/CrysisONOmniverse/CoO/Assets
GfxDevice: creating device client; threaded=0; jobified=0
Direct3D:
    Version:  Direct3D 11.0 [level 11.1]
    Renderer: NVIDIA GeForce GTX 1050 (ID=0x1c8d)
    Vendor:   NVIDIA
    VRAM:     1979 MB
    Driver:   27.21.14.6231
Initialize mono
Mono path[0] = 'D:/SettingFolder/Unity/2021.3.21f1/Editor/Data/Managed'
Mono path[1] = 'D:/SettingFolder/Unity/2021.3.21f1/Editor/Data/MonoBleedingEdge/lib/mono/unityjit-win32'
Mono config path = 'D:/SettingFolder/Unity/2021.3.21f1/Editor/Data/MonoBleedingEdge/etc'
Using monoOptions --debugger-agent=transport=dt_socket,embedding=1,server=y,suspend=n,address=127.0.0.1:56800
Begin MonoManager ReloadAssembly
Registering precompiled unity dll's ...
Register platform support module: D:/SettingFolder/Unity/2021.3.21f1/Editor/Data/PlaybackEngines/WebGLSupport/UnityEditor.WebGL.Extensions.dll
Register platform support module: D:/SettingFolder/Unity/2021.3.21f1/Editor/Data/PlaybackEngines/AndroidPlayer/UnityEditor.Android.Extensions.dll
Register platform support module: D:/SettingFolder/Unity/2021.3.21f1/Editor/Data/PlaybackEngines/WindowsStandaloneSupport/UnityEditor.WindowsStandalone.Extensions.dll
Registered in 0.005024 seconds.
Native extension for WindowsStandalone target not found
Native extension for Android target not found
Android Extension - Scanning For ADB Devices 340 ms
Native extension for WebGL target not found
Refreshing native plugins compatible for Editor in 35.21 ms, found 2 plugins.
Preloading 0 native plugins for Editor in 0.00 ms.
Mono: successfully reloaded assembly
- Completed reload, in  1.300 seconds
Domain Reload Profiling:
	ReloadAssembly (1302ms)
		BeginReloadAssembly (144ms)
			ExecutionOrderSort (0ms)
			DisableScriptedObjects (0ms)
			BackupInstance (0ms)
			ReleaseScriptingObjects (0ms)
			CreateAndSetChildDomain (1ms)
		EndReloadAssembly (1030ms)
			LoadAssemblies (143ms)
			RebuildTransferFunctionScriptingTraits (0ms)
			SetupTypeCache (200ms)
			ReleaseScriptCaches (0ms)
			RebuildScriptCaches (50ms)
			SetupLoadedEditorAssemblies (700ms)
				LogAssemblyErrors (0ms)
				InitializePlatformSupportModulesInManaged (466ms)
				SetLoadedEditorAssemblies (0ms)
				RefreshPlugins (35ms)
				BeforeProcessingInitializeOnLoad (1ms)
				ProcessInitializeOnLoadAttributes (135ms)
				ProcessInitializeOnLoadMethodAttributes (61ms)
				AfterProcessingInitializeOnLoad (0ms)
				EditorAssembliesLoaded (0ms)
			ExecutionOrderSort2 (0ms)
			AwakeInstancesAfterBackupRestoration (0ms)
Platform modules already initialized, skipping
Registering precompiled user dll's ...
Registered in 0.004361 seconds.
Begin MonoManager ReloadAssembly
Native extension for WindowsStandalone target not found
Native extension for Android target not found
Native extension for WebGL target not found
Refreshing native plugins compatible for Editor in 0.61 ms, found 2 plugins.
Preloading 0 native plugins for Editor in 0.00 ms.
Mono: successfully reloaded assembly
- Completed reload, in  1.346 seconds
Domain Reload Profiling:
	ReloadAssembly (1347ms)
		BeginReloadAssembly (195ms)
			ExecutionOrderSort (0ms)
			DisableScriptedObjects (11ms)
			BackupInstance (0ms)
			ReleaseScriptingObjects (0ms)
			CreateAndSetChildDomain (33ms)
		EndReloadAssembly (997ms)
			LoadAssemblies (127ms)
			RebuildTransferFunctionScriptingTraits (0ms)
			SetupTypeCache (335ms)
			ReleaseScriptCaches (0ms)
			RebuildScriptCaches (90ms)
			SetupLoadedEditorAssemblies (406ms)
				LogAssemblyErrors (0ms)
				InitializePlatformSupportModulesInManaged (30ms)
				SetLoadedEditorAssemblies (1ms)
				RefreshPlugins (1ms)
				BeforeProcessingInitializeOnLoad (63ms)
				ProcessInitializeOnLoadAttributes (277ms)
				ProcessInitializeOnLoadMethodAttributes (29ms)
				AfterProcessingInitializeOnLoad (5ms)
				EditorAssembliesLoaded (0ms)
			ExecutionOrderSort2 (0ms)
			AwakeInstancesAfterBackupRestoration (10ms)
Platform modules already initialized, skipping
========================================================================
Worker process is ready to serve import requests
Launched and connected shader compiler UnityShaderCompiler.exe after 0.06 seconds
Refreshing native plugins compatible for Editor in 0.31 ms, found 2 plugins.
Preloading 0 native plugins for Editor in 0.00 ms.
Unloading 1418 Unused Serialized files (Serialized files now loaded: 0)
Unloading 17 unused Assets / (30.3 KB). Loaded Objects now: 1894.
Memory consumption went from 64.7 MB to 64.7 MB.
Total: 3.853900 ms (FindLiveObjects: 0.175400 ms CreateObjectMapping: 0.067900 ms MarkObjects: 3.543400 ms  DeleteObjects: 0.065800 ms)

AssetImportParameters requested are different than current active one (requested -> active):
  custom:video-decoder-ogg-theora: a1e56fd34408186e4bbccfd4996cb3dc -> 
  custom:container-muxer-webm: aa71ff27fc2769a1b78a27578f13a17b -> 
  custom:container-demuxer-webm: 4f35f7cbe854078d1ac9338744f61a02 -> 
  custom:video-encoder-webm-vp8: eb34c28f22e8b96e1ab97ce403110664 -> 
  custom:audio-encoder-webm-vorbis: bf7c407c2cedff20999df2af8eb42d56 -> 
  custom:framework-win-MediaFoundation: 216162199b28c13a410421893ffa2e32 -> 
  custom:container-demuxer-ogg: 62fdf1f143b41e24485cea50d1cbac27 -> 
  custom:video-decoder-webm-vp8: 9c59270c3fd7afecdb556c50c9e8de78 -> 
  custom:audio-decoder-ogg-vorbis: bf7c407c2cedff20999df2af8eb42d56 -> 
========================================================================
Received Import Request.
  Time since last request: 119142.546302 seconds.
  path: Assets/Menu/02_ETC/02_VideoBackground.renderTexture
  artifactKey: Guid(99468977522d49841bc3e0973e9f2531) Importer(815301076,1909f56bfc062723c751e8b465ee728b)
Start importing Assets/Menu/02_ETC/02_VideoBackground.renderTexture using Guid(99468977522d49841bc3e0973e9f2531) Importer(815301076,1909f56bfc062723c751e8b465ee728b)  -> (artifact id: '1f76c7f2cbc5a8e914773554d4777e11') in 0.128609 seconds 
========================================================================
Received Import Request.
  Time since last request: 9.281502 seconds.
  path: Assets/Menu/02_Script
  artifactKey: Guid(08c337af6f266874cb9842a2917fedc3) Importer(815301076,1909f56bfc062723c751e8b465ee728b)
Start importing Assets/Menu/02_Script using Guid(08c337af6f266874cb9842a2917fedc3) Importer(815301076,1909f56bfc062723c751e8b465ee728b)  -> (artifact id: 'fd53b79f0ac1e955a07ad3c7a2ba0765') in 0.009383 seconds 
========================================================================
Received Import Request.
  Time since last request: 1.536662 seconds.
  path: Assets/Menu/02_Video
  artifactKey: Guid(a593797eae1a3b449b8d0d74b6c586a5) Importer(815301076,1909f56bfc062723c751e8b465ee728b)
Start importing Assets/Menu/02_Video using Guid(a593797eae1a3b449b8d0d74b6c586a5) Importer(815301076,1909f56bfc062723c751e8b465ee728b)  -> (artifact id: '9e3ce57183cb622eef36c331ea495690') in 0.016411 seconds 
========================================================================
Received Import Request.
  Time since last request: 0.079406 seconds.
  path: Assets/Menu/02_Video/02_Galaxy.mp4
  artifactKey: Guid(904bd330627744046b9f07aec8a6e066) Importer(815301076,1909f56bfc062723c751e8b465ee728b)
Start importing Assets/Menu/02_Video/02_Galaxy.mp4 using Guid(904bd330627744046b9f07aec8a6e066) Importer(815301076,1909f56bfc062723c751e8b465ee728b)  -> (artifact id: '10c2d9353d9e2388d295b1d8a4181cf0') in 0.020143 seconds 
========================================================================
Received Prepare
Registering precompiled user dll's ...
Registered in 0.003299 seconds.
Begin MonoManager ReloadAssembly
Native extension for WindowsStandalone target not found
Native extension for Android target not found
Native extension for WebGL target not found
Refreshing native plugins compatible for Editor in 0.52 ms, found 2 plugins.
Preloading 0 native plugins for Editor in 0.00 ms.
Mono: successfully reloaded assembly
- Completed reload, in  1.134 seconds
Domain Reload Profiling:
	ReloadAssembly (1134ms)
		BeginReloadAssembly (196ms)
			ExecutionOrderSort (0ms)
			DisableScriptedObjects (12ms)
			BackupInstance (0ms)
			ReleaseScriptingObjects (0ms)
			CreateAndSetChildDomain (40ms)
		EndReloadAssembly (812ms)
			LoadAssemblies (127ms)
			RebuildTransferFunctionScriptingTraits (0ms)
			SetupTypeCache (249ms)
			ReleaseScriptCaches (1ms)
			RebuildScriptCaches (47ms)
			SetupLoadedEditorAssemblies (363ms)
				LogAssemblyErrors (0ms)
				InitializePlatformSupportModulesInManaged (26ms)
				SetLoadedEditorAssemblies (1ms)
				RefreshPlugins (1ms)
				BeforeProcessingInitializeOnLoad (54ms)
				ProcessInitializeOnLoadAttributes (252ms)
				ProcessInitializeOnLoadMethodAttributes (25ms)
				AfterProcessingInitializeOnLoad (4ms)
				EditorAssembliesLoaded (0ms)
			ExecutionOrderSort2 (0ms)
			AwakeInstancesAfterBackupRestoration (12ms)
Platform modules already initialized, skipping
Refreshing native plugins compatible for Editor in 1.45 ms, found 2 plugins.
Preloading 0 native plugins for Editor in 0.00 ms.
Unloading 1412 Unused Serialized files (Serialized files now loaded: 0)
Unloading 11 unused Assets / (24.7 KB). Loaded Objects now: 1903.
Memory consumption went from 68.4 MB to 68.4 MB.
Total: 3.530600 ms (FindLiveObjects: 0.159900 ms CreateObjectMapping: 0.106400 ms MarkObjects: 3.233900 ms  DeleteObjects: 0.028800 ms)

AssetImportParameters requested are different than current active one (requested -> active):
  custom:video-decoder-ogg-theora: a1e56fd34408186e4bbccfd4996cb3dc -> 
  custom:container-muxer-webm: aa71ff27fc2769a1b78a27578f13a17b -> 
  custom:container-demuxer-webm: 4f35f7cbe854078d1ac9338744f61a02 -> 
  custom:video-encoder-webm-vp8: eb34c28f22e8b96e1ab97ce403110664 -> 
  custom:audio-encoder-webm-vorbis: bf7c407c2cedff20999df2af8eb42d56 -> 
  custom:framework-win-MediaFoundation: 216162199b28c13a410421893ffa2e32 -> 
  custom:container-demuxer-ogg: 62fdf1f143b41e24485cea50d1cbac27 -> 
  custom:video-decoder-webm-vp8: 9c59270c3fd7afecdb556c50c9e8de78 -> 
  custom:audio-decoder-ogg-vorbis: bf7c407c2cedff20999df2af8eb42d56 -> 
========================================================================
Received Import Request.
  Time since last request: 125.422061 seconds.
  path: Packages/com.unity.collab-proxy/Editor/PlasticSCM/Assets/Images/step3@2x.png
  artifactKey: Guid(36e6970b84831434a9eac79abd03700b) Importer(815301076,1909f56bfc062723c751e8b465ee728b)
Start importing Packages/com.unity.collab-proxy/Editor/PlasticSCM/Assets/Images/step3@2x.png using Guid(36e6970b84831434a9eac79abd03700b) Importer(815301076,1909f56bfc062723c751e8b465ee728b)  -> (artifact id: '135c8265ffcc92403f1288d92a1f3894') in 0.103976 seconds 
========================================================================
Received Import Request.
  Time since last request: 0.000035 seconds.
  path: Assets/00_Common/Sprite/00_Logo/00_Faction/UIPMLogo-Compact.png
  artifactKey: Guid(0fde78fae97aa404bae70bba7bb733bd) Importer(815301076,1909f56bfc062723c751e8b465ee728b)
Start importing Assets/00_Common/Sprite/00_Logo/00_Faction/UIPMLogo-Compact.png using Guid(0fde78fae97aa404bae70bba7bb733bd) Importer(815301076,1909f56bfc062723c751e8b465ee728b)  -> (artifact id: '4c9f994219143b81df5e9aa8626b6e3f') in 0.023834 seconds 
========================================================================
Received Import Request.
  Time since last request: 0.000063 seconds.
  path: Assets/Resource/2D Sprite/Game/General UIs/UIPMLogo.png
  artifactKey: Guid(5955131665494ee40843f6ed5608cdba) Importer(815301076,1909f56bfc062723c751e8b465ee728b)
Start importing Assets/Resource/2D Sprite/Game/General UIs/UIPMLogo.png using Guid(5955131665494ee40843f6ed5608cdba) Importer(815301076,1909f56bfc062723c751e8b465ee728b)  -> (artifact id: 'd53714bcde4cfb86094a194f44161c97') in 0.084440 seconds 
========================================================================
Received Import Request.
  Time since last request: 0.000035 seconds.
  path: Assets/00_Common/Sprite/00_Logo/00_Faction/UIPMLogo.png
  artifactKey: Guid(560f9f185bc1d8a4b8366b90d65f533d) Importer(815301076,1909f56bfc062723c751e8b465ee728b)
Start importing Assets/00_Common/Sprite/00_Logo/00_Faction/UIPMLogo.png using Guid(560f9f185bc1d8a4b8366b90d65f533d) Importer(815301076,1909f56bfc062723c751e8b465ee728b)  -> (artifact id: '83e8627e4b5687a6f11c388254268000') in 0.062301 seconds 
========================================================================
Received Import Request.
  Time since last request: 0.000037 seconds.
  path: Assets/Resource/2D Sprite/Game/General UIs/UIPMLogo-Compact.png
  artifactKey: Guid(9a9aac0d7d5116442a5c38c83f10fe06) Importer(815301076,1909f56bfc062723c751e8b465ee728b)
Start importing Assets/Resource/2D Sprite/Game/General UIs/UIPMLogo-Compact.png using Guid(9a9aac0d7d5116442a5c38c83f10fe06) Importer(815301076,1909f56bfc062723c751e8b465ee728b)  -> (artifact id: 'b85b022efdc3a8bfdb3606b7072c86e3') in 0.013115 seconds 
========================================================================
Received Import Request.
  Time since last request: 0.000020 seconds.
  path: Packages/com.unity.collab-proxy/Editor/PlasticSCM/Assets/Images/xlink.png
  artifactKey: Guid(556a2f3b046024d4c9621c1b4be5f0c1) Importer(815301076,1909f56bfc062723c751e8b465ee728b)
Start importing Packages/com.unity.collab-proxy/Editor/PlasticSCM/Assets/Images/xlink.png using Guid(556a2f3b046024d4c9621c1b4be5f0c1) Importer(815301076,1909f56bfc062723c751e8b465ee728b)  -> (artifact id: 'b9ed6b875c930f5454b089dabb520736') in 0.020324 seconds 
========================================================================
Received Import Request.
  Time since last request: 0.000022 seconds.
  path: Packages/com.unity.collab-proxy/Editor/PlasticSCM/Assets/Images/stepok@2x.png
  artifactKey: Guid(be340a165cb9c8d4cb50f1deeb51d4ea) Importer(815301076,1909f56bfc062723c751e8b465ee728b)
Start importing Packages/com.unity.collab-proxy/Editor/PlasticSCM/Assets/Images/stepok@2x.png using Guid(be340a165cb9c8d4cb50f1deeb51d4ea) Importer(815301076,1909f56bfc062723c751e8b465ee728b)  -> (artifact id: '3dc751cac072c8aa99d9982cec1cc537') in 0.016107 seconds 
========================================================================
Received Import Request.
  Time since last request: 0.845174 seconds.
  path: Assets/Resource/2D Sprite/Game/General UIs/QuestionIcon.png
  artifactKey: Guid(2f5a256069ae57e4f80b1e17cf1f8c40) Importer(815301076,1909f56bfc062723c751e8b465ee728b)
Start importing Assets/Resource/2D Sprite/Game/General UIs/QuestionIcon.png using Guid(2f5a256069ae57e4f80b1e17cf1f8c40) Importer(815301076,1909f56bfc062723c751e8b465ee728b)  -> (artifact id: 'a8ba334fae4d52e29f83dbc0c731ac61') in 0.019313 seconds 
========================================================================
Received Import Request.
  Time since last request: 0.000027 seconds.
  path: Packages/com.unity.collab-proxy/Editor/PlasticSCM/Assets/Images/step3.png
  artifactKey: Guid(69899ed144c8eea4baea48b858b37746) Importer(815301076,1909f56bfc062723c751e8b465ee728b)
Start importing Packages/com.unity.collab-proxy/Editor/PlasticSCM/Assets/Images/step3.png using Guid(69899ed144c8eea4baea48b858b37746) Importer(815301076,1909f56bfc062723c751e8b465ee728b)  -> (artifact id: '80ee550bf4d4729b65f04e21ad57a886') in 0.025238 seconds 
========================================================================
Received Import Request.
  Time since last request: 0.000031 seconds.
  path: Packages/com.unity.collab-proxy/Editor/PlasticSCM/Assets/Images/step2@2x.png
  artifactKey: Guid(0029170d14ce6c04c9f45c22cdae5559) Importer(815301076,1909f56bfc062723c751e8b465ee728b)
Start importing Packages/com.unity.collab-proxy/Editor/PlasticSCM/Assets/Images/step2@2x.png using Guid(0029170d14ce6c04c9f45c22cdae5559) Importer(815301076,1909f56bfc062723c751e8b465ee728b)  -> (artifact id: '76a4dd16fca02cb506d2b85b16f54fa0') in 0.021019 seconds 
========================================================================
Received Import Request.
  Time since last request: 0.000032 seconds.
  path: Packages/com.unity.collab-proxy/Editor/PlasticSCM/Assets/Images/step1.png
  artifactKey: Guid(9ce84ff0fdeb13d4a83f077d075dd9a5) Importer(815301076,1909f56bfc062723c751e8b465ee728b)
Start importing Packages/com.unity.collab-proxy/Editor/PlasticSCM/Assets/Images/step1.png using Guid(9ce84ff0fdeb13d4a83f077d075dd9a5) Importer(815301076,1909f56bfc062723c751e8b465ee728b)  -> (artifact id: '2d9830eff61f86ad6c138fa111e38530') in 0.021854 seconds 
========================================================================
Received Import Request.
  Time since last request: 0.000028 seconds.
  path: Packages/com.unity.collab-proxy/Editor/PlasticSCM/Assets/Images/secondarytabclose.png
  artifactKey: Guid(03cefa94d5aa9d74993fb2138af9d607) Importer(815301076,1909f56bfc062723c751e8b465ee728b)
Start importing Packages/com.unity.collab-proxy/Editor/PlasticSCM/Assets/Images/secondarytabclose.png using Guid(03cefa94d5aa9d74993fb2138af9d607) Importer(815301076,1909f56bfc062723c751e8b465ee728b)  -> (artifact id: 'fd352465a9f168f166fee4472e653a13') in 0.021876 seconds 
========================================================================
Received Import Request.
  Time since last request: 0.479037 seconds.
  path: Packages/com.unity.collab-proxy/Editor/PlasticSCM/Assets/Images/d_iconclosebutton.png
  artifactKey: Guid(9cadde7a0d5f9024ab3f2cd5f6a740d6) Importer(815301076,1909f56bfc062723c751e8b465ee728b)
Start importing Packages/com.unity.collab-proxy/Editor/PlasticSCM/Assets/Images/d_iconclosebutton.png using Guid(9cadde7a0d5f9024ab3f2cd5f6a740d6) Importer(815301076,1909f56bfc062723c751e8b465ee728b)  -> (artifact id: 'f864bd23d1a8abbc4ae7fc0786e53deb') in 0.018276 seconds 
========================================================================
Received Import Request.
  Time since last request: 0.000017 seconds.
  path: Packages/com.unity.collab-proxy/Editor/PlasticSCM/Assets/Images/d_icondeletedremoteoverlay.png
  artifactKey: Guid(3de8a0634e55df8499c88204001cb0dd) Importer(815301076,1909f56bfc062723c751e8b465ee728b)
Start importing Packages/com.unity.collab-proxy/Editor/PlasticSCM/Assets/Images/d_icondeletedremoteoverlay.png using Guid(3de8a0634e55df8499c88204001cb0dd) Importer(815301076,1909f56bfc062723c751e8b465ee728b)  -> (artifact id: 'f4e272902e496281e92b9dd6fa2666a3') in 0.026740 seconds 
========================================================================
Received Import Request.
  Time since last request: 0.000026 seconds.
  path: Packages/com.unity.collab-proxy/Editor/PlasticSCM/Assets/Images/d_iconlockedlocaloverlay.png
  artifactKey: Guid(71c45f80bffdb9145ad2c456254c862e) Importer(815301076,1909f56bfc062723c751e8b465ee728b)
Start importing Packages/com.unity.collab-proxy/Editor/PlasticSCM/Assets/Images/d_iconlockedlocaloverlay.png using Guid(71c45f80bffdb9145ad2c456254c862e) Importer(815301076,1909f56bfc062723c751e8b465ee728b)  -> (artifact id: '29c0a0dad3f78728ca4010495ef0cc09') in 0.022000 seconds 
========================================================================
Received Import Request.
  Time since last request: 0.000023 seconds.
  path: Packages/com.unity.collab-proxy/Editor/PlasticSCM/Assets/Images/d_iconplasticnotifyconflict.png
  artifactKey: Guid(51582ae5ea51fa14996791a550f89473) Importer(815301076,1909f56bfc062723c751e8b465ee728b)
Start importing Packages/com.unity.collab-proxy/Editor/PlasticSCM/Assets/Images/d_iconplasticnotifyconflict.png using Guid(51582ae5ea51fa14996791a550f89473) Importer(815301076,1909f56bfc062723c751e8b465ee728b)  -> (artifact id: '87464b7cb526cec9f8f2204206cf0371') in 0.024667 seconds 
========================================================================
Received Import Request.
  Time since last request: 0.000021 seconds.
  path: Packages/com.unity.collab-proxy/Editor/PlasticSCM/Assets/Images/d_icondeletedlocaloverlay@2x.png
  artifactKey: Guid(92b204cca46037444ab18ba6701f86f7) Importer(815301076,1909f56bfc062723c751e8b465ee728b)
Start importing Packages/com.unity.collab-proxy/Editor/PlasticSCM/Assets/Images/d_icondeletedlocaloverlay@2x.png using Guid(92b204cca46037444ab18ba6701f86f7) Importer(815301076,1909f56bfc062723c751e8b465ee728b)  -> (artifact id: '0f85bb0908c3bca7c20222cd08d8be9f') in 0.023181 seconds 
========================================================================
Received Import Request.
  Time since last request: 0.000018 seconds.
  path: Packages/com.unity.collab-proxy/Editor/PlasticSCM/Assets/Images/d_icondeletedremoteoverlay@2x.png
  artifactKey: Guid(2cfbf6619eb047545a425e8a31732c83) Importer(815301076,1909f56bfc062723c751e8b465ee728b)
Start importing Packages/com.unity.collab-proxy/Editor/PlasticSCM/Assets/Images/d_icondeletedremoteoverlay@2x.png using Guid(2cfbf6619eb047545a425e8a31732c83) Importer(815301076,1909f56bfc062723c751e8b465ee728b)  -> (artifact id: 'ed4cbfb054a2fdcc9c7a02553b3d9406') in 0.021182 seconds 
========================================================================
Received Import Request.
  Time since last request: 0.000027 seconds.
  path: Packages/com.unity.collab-proxy/Editor/PlasticSCM/Assets/Images/d_iconlockedlocaloverlay@2x.png
  artifactKey: Guid(ae53a7884da90e94eb5dfeab594b746c) Importer(815301076,1909f56bfc062723c751e8b465ee728b)
Start importing Packages/com.unity.collab-proxy/Editor/PlasticSCM/Assets/Images/d_iconlockedlocaloverlay@2x.png using Guid(ae53a7884da90e94eb5dfeab594b746c) Importer(815301076,1909f56bfc062723c751e8b465ee728b)  -> (artifact id: 'c26cc0eb82e6358f02379e1f58ba0677') in 0.024573 seconds 
========================================================================
Received Import Request.
  Time since last request: 0.000036 seconds.
  path: Packages/com.unity.collab-proxy/Editor/PlasticSCM/Assets/Images/d_iconlockedremoteoverlay.png
  artifactKey: Guid(1046ed65e6aaffb4391378f6d08d6c14) Importer(815301076,1909f56bfc062723c751e8b465ee728b)
Start importing Packages/com.unity.collab-proxy/Editor/PlasticSCM/Assets/Images/d_iconlockedremoteoverlay.png using Guid(1046ed65e6aaffb4391378f6d08d6c14) Importer(815301076,1909f56bfc062723c751e8b465ee728b)  -> (artifact id: '12b7d82d5d90b3a8755a4ea628b723ef') in 0.023436 seconds 
========================================================================
Received Import Request.
  Time since last request: 0.000026 seconds.
  path: Packages/com.unity.collab-proxy/Editor/PlasticSCM/Assets/Images/d_iconconflictresolvedoverlay@2x.png
  artifactKey: Guid(4a231ba0e81e63849a8f985c228e8acd) Importer(815301076,1909f56bfc062723c751e8b465ee728b)
Start importing Packages/com.unity.collab-proxy/Editor/PlasticSCM/Assets/Images/d_iconconflictresolvedoverlay@2x.png using Guid(4a231ba0e81e63849a8f985c228e8acd) Importer(815301076,1909f56bfc062723c751e8b465ee728b)  -> (artifact id: '2f4de9290d1d79859944bffdd37ef387') in 0.021943 seconds 
========================================================================
Received Import Request.
  Time since last request: 0.000023 seconds.
  path: Packages/com.unity.collab-proxy/Editor/PlasticSCM/Assets/Images/d_iconplasticnotifyincoming@2x.png
  artifactKey: Guid(c5fc116b3271b5947808130b2212cd60) Importer(815301076,1909f56bfc062723c751e8b465ee728b)
Start importing Packages/com.unity.collab-proxy/Editor/PlasticSCM/Assets/Images/d_iconplasticnotifyincoming@2x.png using Guid(c5fc116b3271b5947808130b2212cd60) Importer(815301076,1909f56bfc062723c751e8b465ee728b)  -> (artifact id: 'ec68d746e03cc6546a6db957f96540e2') in 0.023934 seconds 
========================================================================
Received Import Request.
  Time since last request: 0.000026 seconds.
  path: Packages/com.unity.collab-proxy/Editor/PlasticSCM/Assets/Images/d_iconconflictedoverlay.png
  artifactKey: Guid(a892bcc7ae1871447926b3c44d158763) Importer(815301076,1909f56bfc062723c751e8b465ee728b)
Start importing Packages/com.unity.collab-proxy/Editor/PlasticSCM/Assets/Images/d_iconconflictedoverlay.png using Guid(a892bcc7ae1871447926b3c44d158763) Importer(815301076,1909f56bfc062723c751e8b465ee728b)  -> (artifact id: '6b204578bc2ac1eb352a2b35a0353690') in 0.022475 seconds 
========================================================================
Received Import Request.
  Time since last request: 0.000025 seconds.
  path: Packages/com.unity.collab-proxy/Editor/PlasticSCM/Assets/Images/d_icondeletedremote@2x.png
  artifactKey: Guid(626b9cddb29049e4cac50cd87b419945) Importer(815301076,1909f56bfc062723c751e8b465ee728b)
Start importing Packages/com.unity.collab-proxy/Editor/PlasticSCM/Assets/Images/d_icondeletedremote@2x.png using Guid(626b9cddb29049e4cac50cd87b419945) Importer(815301076,1909f56bfc062723c751e8b465ee728b)  -> (artifact id: '73404209f85131dafb32c35f939a1bff') in 0.025334 seconds 
========================================================================
Received Import Request.
  Time since last request: 0.000061 seconds.
  path: Packages/com.unity.collab-proxy/Editor/PlasticSCM/Assets/Images/d_iconconflictedoverlay@2x.png
  artifactKey: Guid(a3ced8f7044b9de4787602a9e9b20ea7) Importer(815301076,1909f56bfc062723c751e8b465ee728b)
Start importing Packages/com.unity.collab-proxy/Editor/PlasticSCM/Assets/Images/d_iconconflictedoverlay@2x.png using Guid(a3ced8f7044b9de4787602a9e9b20ea7) Importer(815301076,1909f56bfc062723c751e8b465ee728b)  -> (artifact id: '7b4654f273f3fbd811150bc596bcc687') in 0.022367 seconds 
========================================================================
Received Import Request.
  Time since last request: 0.000017 seconds.
  path: Packages/com.unity.collab-proxy/Editor/PlasticSCM/Assets/Images/d_iconoutofsync.png
  artifactKey: Guid(0e80bd0b4a8196f46acf73711b9505ec) Importer(815301076,1909f56bfc062723c751e8b465ee728b)
Start importing Packages/com.unity.collab-proxy/Editor/PlasticSCM/Assets/Images/d_iconoutofsync.png using Guid(0e80bd0b4a8196f46acf73711b9505ec) Importer(815301076,1909f56bfc062723c751e8b465ee728b)  -> (artifact id: 'a1261a0249efb25ddda889c2c176fac7') in 0.023517 seconds 
========================================================================
Received Import Request.
  Time since last request: 2.219696 seconds.
  path: Assets/00_Common/Sprite/00_Logo/00_Game/00_Logo01.png
  artifactKey: Guid(9f4dd1a43638a2a43a00189bb448c3bd) Importer(815301076,1909f56bfc062723c751e8b465ee728b)
Start importing Assets/00_Common/Sprite/00_Logo/00_Game/00_Logo01.png using Guid(9f4dd1a43638a2a43a00189bb448c3bd) Importer(815301076,1909f56bfc062723c751e8b465ee728b)  -> (artifact id: '7f71b2e3097ebff5506977f439390084') in 0.042101 seconds 
========================================================================
Received Import Request.
  Time since last request: 0.000024 seconds.
  path: Assets/01_Loading/01_Resource/01_Sprite/01_LoadingBarBG.png
  artifactKey: Guid(744a31e0145dcc04694fa33069d03e2d) Importer(815301076,1909f56bfc062723c751e8b465ee728b)
Start importing Assets/01_Loading/01_Resource/01_Sprite/01_LoadingBarBG.png using Guid(744a31e0145dcc04694fa33069d03e2d) Importer(815301076,1909f56bfc062723c751e8b465ee728b)  -> (artifact id: 'bc1b89c323bc0d7d27e4dd5023a4a505') in 0.089674 seconds 
========================================================================
Received Import Request.
  Time since last request: 0.000025 seconds.
  path: Assets/Profile/Player1/avatar_idle_19.png
  artifactKey: Guid(fef38d621204cd542aa232a2aa08925b) Importer(815301076,1909f56bfc062723c751e8b465ee728b)
Start importing Assets/Profile/Player1/avatar_idle_19.png using Guid(fef38d621204cd542aa232a2aa08925b) Importer(815301076,1909f56bfc062723c751e8b465ee728b)  -> (artifact id: '92ebd1b39e91e5d8042e3f9a06d94467') in 0.072131 seconds 
========================================================================
Received Import Request.
  Time since last request: 0.000039 seconds.
  path: Assets/00_Common/Sprite/00_Logo/00_Studio/00_LogoStudio.png
  artifactKey: Guid(da3201d7ec9999f429dd911d6d083ccc) Importer(815301076,1909f56bfc062723c751e8b465ee728b)
Start importing Assets/00_Common/Sprite/00_Logo/00_Studio/00_LogoStudio.png using Guid(da3201d7ec9999f429dd911d6d083ccc) Importer(815301076,1909f56bfc062723c751e8b465ee728b)  -> (artifact id: '701b67883882fb0861f89eaa4f8e4546') in 0.098910 seconds 
========================================================================
Received Import Request.
  Time since last request: 0.000029 seconds.
  path: Assets/Profile/Player1/avatar_idle_8.png
  artifactKey: Guid(490bfb05a7d497340b3f0af444170e20) Importer(815301076,1909f56bfc062723c751e8b465ee728b)
Start importing Assets/Profile/Player1/avatar_idle_8.png using Guid(490bfb05a7d497340b3f0af444170e20) Importer(815301076,1909f56bfc062723c751e8b465ee728b)  -> (artifact id: 'dfc2fa62c8defee40cc477d53a50efc2') in 0.036816 seconds 
========================================================================
Received Import Request.
  Time since last request: 0.000024 seconds.
  path: Assets/Profile/Player1/avatar_idle_5.png
  artifactKey: Guid(cb06c9680920097478b13f6ad5b2f3d6) Importer(815301076,1909f56bfc062723c751e8b465ee728b)
Start importing Assets/Profile/Player1/avatar_idle_5.png using Guid(cb06c9680920097478b13f6ad5b2f3d6) Importer(815301076,1909f56bfc062723c751e8b465ee728b)  -> (artifact id: '5b41d11e307ea0df3c70ab49aadad4ec') in 0.040281 seconds 
========================================================================
Received Import Request.
  Time since last request: 0.000020 seconds.
  path: Assets/Profile/Player1/avatar_idle_6.png
  artifactKey: Guid(0db5679d0638dfb49a3baf94b10e29c5) Importer(815301076,1909f56bfc062723c751e8b465ee728b)
Start importing Assets/Profile/Player1/avatar_idle_6.png using Guid(0db5679d0638dfb49a3baf94b10e29c5) Importer(815301076,1909f56bfc062723c751e8b465ee728b)  -> (artifact id: '2392b7cd35c260bda53823905e3b8090') in 0.033306 seconds 
========================================================================
Received Import Request.
  Time since last request: 0.000021 seconds.
  path: Assets/Profile/Player1/avatar_idle_7.png
  artifactKey: Guid(11b01bdcd2d3d3f4b80e25e397c96847) Importer(815301076,1909f56bfc062723c751e8b465ee728b)
Start importing Assets/Profile/Player1/avatar_idle_7.png using Guid(11b01bdcd2d3d3f4b80e25e397c96847) Importer(815301076,1909f56bfc062723c751e8b465ee728b)  -> (artifact id: '5156cde0f8848f39c17a5e9a3f6deae3') in 0.029838 seconds 
========================================================================
Received Import Request.
  Time since last request: 0.000034 seconds.
  path: Assets/Profile/Player1/avatar_idle_16.png
  artifactKey: Guid(7842fd15ca6ab8245b3a9d37b2d115e0) Importer(815301076,1909f56bfc062723c751e8b465ee728b)
Start importing Assets/Profile/Player1/avatar_idle_16.png using Guid(7842fd15ca6ab8245b3a9d37b2d115e0) Importer(815301076,1909f56bfc062723c751e8b465ee728b)  -> (artifact id: 'a3375a44d38da285b7a8552bba797797') in 0.420806 seconds 
========================================================================
Received Import Request.
  Time since last request: 0.000032 seconds.
  path: Assets/Profile/Player1/avatar_idle_4.png
  artifactKey: Guid(e22d79cfa4efea749b97e233e2701d1a) Importer(815301076,1909f56bfc062723c751e8b465ee728b)
Start importing Assets/Profile/Player1/avatar_idle_4.png using Guid(e22d79cfa4efea749b97e233e2701d1a) Importer(815301076,1909f56bfc062723c751e8b465ee728b)  -> (artifact id: 'faeca8a8c28aa00dc56904359c901eed') in 0.036279 seconds 
========================================================================
Received Import Request.
  Time since last request: 0.000044 seconds.
  path: Assets/Profile/Player1/avatar_idle_20.png
  artifactKey: Guid(d25608a01dfcf2b43b8cbcf203e45858) Importer(815301076,1909f56bfc062723c751e8b465ee728b)
Start importing Assets/Profile/Player1/avatar_idle_20.png using Guid(d25608a01dfcf2b43b8cbcf203e45858) Importer(815301076,1909f56bfc062723c751e8b465ee728b)  -> (artifact id: '3e468b775e971b69a84ead04610ac05b') in 0.067560 seconds 
========================================================================
Received Import Request.
  Time since last request: 0.000050 seconds.
  path: Assets/Profile/Player1/avatar_idle_14.png
  artifactKey: Guid(6577ec263df21034aa86c56d1e66ab6e) Importer(815301076,1909f56bfc062723c751e8b465ee728b)
Start importing Assets/Profile/Player1/avatar_idle_14.png using Guid(6577ec263df21034aa86c56d1e66ab6e) Importer(815301076,1909f56bfc062723c751e8b465ee728b)  -> (artifact id: 'e91db4c2d3ff6e86295710698a7736ef') in 0.057413 seconds 
========================================================================
Received Import Request.
  Time since last request: 0.000029 seconds.
  path: Assets/Resource/2D Sprite/Studio/Logo_White.png
  artifactKey: Guid(e0fb92889adcb7b4290b9f15156a5de2) Importer(815301076,1909f56bfc062723c751e8b465ee728b)
Start importing Assets/Resource/2D Sprite/Studio/Logo_White.png using Guid(e0fb92889adcb7b4290b9f15156a5de2) Importer(815301076,1909f56bfc062723c751e8b465ee728b)  -> (artifact id: '7b22447272520067faa29510b6495c21') in 0.110446 seconds 
========================================================================
Received Import Request.
  Time since last request: 0.000023 seconds.
  path: Assets/Resource/2D Sprite/Game/General UIs/Logo_Only.png
  artifactKey: Guid(4b2905224f2737b4e8fa159456dfe9f7) Importer(815301076,1909f56bfc062723c751e8b465ee728b)
Start importing Assets/Resource/2D Sprite/Game/General UIs/Logo_Only.png using Guid(4b2905224f2737b4e8fa159456dfe9f7) Importer(815301076,1909f56bfc062723c751e8b465ee728b)  -> (artifact id: 'b066e6c1f7a36e3a02e8abe1297f47a6') in 0.032291 seconds 
========================================================================
Received Import Request.
  Time since last request: 0.000184 seconds.
  path: Assets/Resource/2D Sprite/Studio/Logo_Black.png
  artifactKey: Guid(83664e5de39563043b5bd419126b210c) Importer(815301076,1909f56bfc062723c751e8b465ee728b)
Start importing Assets/Resource/2D Sprite/Studio/Logo_Black.png using Guid(83664e5de39563043b5bd419126b210c) Importer(815301076,1909f56bfc062723c751e8b465ee728b)  -> (artifact id: '7fa9627c64fa11cdd45602f0cf5fa51b') in 0.067538 seconds 
========================================================================
Received Import Request.
  Time since last request: 0.000031 seconds.
  path: Assets/Profile/Player1/avatar_idle_17.png
  artifactKey: Guid(7ccdf995d203ebc439633d7abe83de35) Importer(815301076,1909f56bfc062723c751e8b465ee728b)
Start importing Assets/Profile/Player1/avatar_idle_17.png using Guid(7ccdf995d203ebc439633d7abe83de35) Importer(815301076,1909f56bfc062723c751e8b465ee728b)  -> (artifact id: '85d7cd91c5eb634184223bed8376f9a0') in 0.039277 seconds 
========================================================================
Received Import Request.
  Time since last request: 0.000031 seconds.
  path: Assets/Profile/Player1/avatar_idle_2.png
  artifactKey: Guid(386c8419e1cc334409d60d1660896b3a) Importer(815301076,1909f56bfc062723c751e8b465ee728b)
Start importing Assets/Profile/Player1/avatar_idle_2.png using Guid(386c8419e1cc334409d60d1660896b3a) Importer(815301076,1909f56bfc062723c751e8b465ee728b)  -> (artifact id: 'c69374366366256547cf1516d0d4f9a9') in 0.037332 seconds 
========================================================================
Received Import Request.
  Time since last request: 77.720434 seconds.
  path: Assets/02_Lobby/02_Sprite/Color/BLue.jpg
  artifactKey: Guid(7e897a3ac7f67884ea3078e82b929f63) Importer(815301076,1909f56bfc062723c751e8b465ee728b)
Start importing Assets/02_Lobby/02_Sprite/Color/BLue.jpg using Guid(7e897a3ac7f67884ea3078e82b929f63) Importer(815301076,1909f56bfc062723c751e8b465ee728b)  -> (artifact id: 'ea404a3cae5277122ed02e2d0c0d7ea4') in 0.189156 seconds 
========================================================================
Received Import Request.
  Time since last request: 0.000026 seconds.
  path: Assets/00_Common/Sprite/00_UI/Button8.png
  artifactKey: Guid(aef3af4065832254fb824da4d97e75ab) Importer(815301076,1909f56bfc062723c751e8b465ee728b)
Start importing Assets/00_Common/Sprite/00_UI/Button8.png using Guid(aef3af4065832254fb824da4d97e75ab) Importer(815301076,1909f56bfc062723c751e8b465ee728b)  -> (artifact id: '8ad64ba01dfd0009f7c5f0426555fe8e') in 0.050746 seconds 
========================================================================
Received Import Request.
  Time since last request: 0.000027 seconds.
  path: Packages/com.unity.collab-proxy/Editor/PlasticSCM/Assets/Images/buttonssosigninunity.png
  artifactKey: Guid(f9161c6c9e06dc445ada3ee16d991f90) Importer(815301076,1909f56bfc062723c751e8b465ee728b)
Start importing Packages/com.unity.collab-proxy/Editor/PlasticSCM/Assets/Images/buttonssosigninunity.png using Guid(f9161c6c9e06dc445ada3ee16d991f90) Importer(815301076,1909f56bfc062723c751e8b465ee728b)  -> (artifact id: 'e9bbfc22ede4c7e1eae76ee9974fe806') in 0.022787 seconds 
========================================================================
Received Import Request.
  Time since last request: 0.000053 seconds.
  path: Packages/com.unity.collab-proxy/Editor/PlasticSCM/Assets/Images/buttonssosigninemail.png
  artifactKey: Guid(d24e7e0b75e1a244bb9687d6fd4315ef) Importer(815301076,1909f56bfc062723c751e8b465ee728b)
Start importing Packages/com.unity.collab-proxy/Editor/PlasticSCM/Assets/Images/buttonssosigninemail.png using Guid(d24e7e0b75e1a244bb9687d6fd4315ef) Importer(815301076,1909f56bfc062723c751e8b465ee728b)  -> (artifact id: '60cabbf7721fc0cc85f9e6c3ca1a1c45') in 0.022704 seconds 
========================================================================
Received Import Request.
  Time since last request: 0.000025 seconds.
  path: Packages/com.unity.collab-proxy/Editor/PlasticSCM/Assets/Images/buttonssosigninemail@2x.png
  artifactKey: Guid(ddf2e76e8a1f88f46ae1e42277850b48) Importer(815301076,1909f56bfc062723c751e8b465ee728b)
Start importing Packages/com.unity.collab-proxy/Editor/PlasticSCM/Assets/Images/buttonssosigninemail@2x.png using Guid(ddf2e76e8a1f88f46ae1e42277850b48) Importer(815301076,1909f56bfc062723c751e8b465ee728b)  -> (artifact id: 'ca2593463d653196ad6957db18d05fa5') in 0.021214 seconds 
========================================================================
Received Import Request.
  Time since last request: 0.000037 seconds.
  path: Assets/00_Common/Sprite/00_UI/Button4.png
  artifactKey: Guid(29cac3951c226ee4c9ff683600cac4b6) Importer(815301076,1909f56bfc062723c751e8b465ee728b)
Start importing Assets/00_Common/Sprite/00_UI/Button4.png using Guid(29cac3951c226ee4c9ff683600cac4b6) Importer(815301076,1909f56bfc062723c751e8b465ee728b)  -> (artifact id: '51f559218a2ee14f5fa0e6cf1ae54a8b') in 0.043602 seconds 
========================================================================
Received Import Request.
  Time since last request: 0.020647 seconds.
  path: Packages/com.unity.collab-proxy/Editor/PlasticSCM/Assets/Images/d_buttonssosigninemail.png
  artifactKey: Guid(3086d66a563317b40a20a20da2c64ac0) Importer(815301076,1909f56bfc062723c751e8b465ee728b)
Start importing Packages/com.unity.collab-proxy/Editor/PlasticSCM/Assets/Images/d_buttonssosigninemail.png using Guid(3086d66a563317b40a20a20da2c64ac0) Importer(815301076,1909f56bfc062723c751e8b465ee728b)  -> (artifact id: '9ad38a5d09ae167760f2a14fede9dc80') in 0.019143 seconds 
========================================================================
Received Import Request.
  Time since last request: 0.000029 seconds.
  path: Packages/com.unity.collab-proxy/Editor/PlasticSCM/Assets/Images/d_cloudbuhoshechristmas.png
  artifactKey: Guid(9c0d6ec706e01ce448aea81584af092b) Importer(815301076,1909f56bfc062723c751e8b465ee728b)
Start importing Packages/com.unity.collab-proxy/Editor/PlasticSCM/Assets/Images/d_cloudbuhoshechristmas.png using Guid(9c0d6ec706e01ce448aea81584af092b) Importer(815301076,1909f56bfc062723c751e8b465ee728b)  -> (artifact id: '0058659d2fb4ebfca2d0280abdf3e039') in 0.033783 seconds 
========================================================================
Received Import Request.
  Time since last request: 0.000024 seconds.
  path: Packages/com.unity.collab-proxy/Editor/PlasticSCM/Assets/Images/d_expertbuhoshe.png
  artifactKey: Guid(8325d4ef0a6eb3d43952aff8a06d9f45) Importer(815301076,1909f56bfc062723c751e8b465ee728b)
Start importing Packages/com.unity.collab-proxy/Editor/PlasticSCM/Assets/Images/d_expertbuhoshe.png using Guid(8325d4ef0a6eb3d43952aff8a06d9f45) Importer(815301076,1909f56bfc062723c751e8b465ee728b)  -> (artifact id: 'fe805bb82895382420791e56d4ee480b') in 0.029060 seconds 
========================================================================
Received Import Request.
  Time since last request: 0.000028 seconds.
  path: Packages/com.unity.collab-proxy/Editor/PlasticSCM/Assets/Images/d_colorbuhoshechristmas.png
  artifactKey: Guid(ec03f79379868c642b48ae5ddc821b6d) Importer(815301076,1909f56bfc062723c751e8b465ee728b)
Start importing Packages/com.unity.collab-proxy/Editor/PlasticSCM/Assets/Images/d_colorbuhoshechristmas.png using Guid(ec03f79379868c642b48ae5ddc821b6d) Importer(815301076,1909f56bfc062723c751e8b465ee728b)  -> (artifact id: 'c2338576c2cfdfe7a17aaf925341e1a9') in 0.029181 seconds 
========================================================================
Received Import Request.
  Time since last request: 0.000028 seconds.
  path: Packages/com.unity.collab-proxy/Editor/PlasticSCM/Assets/Images/d_colorbuhochristmas.png
  artifactKey: Guid(fd098fb4cf57bad419701c802e442b7e) Importer(815301076,1909f56bfc062723c751e8b465ee728b)
Start importing Packages/com.unity.collab-proxy/Editor/PlasticSCM/Assets/Images/d_colorbuhochristmas.png using Guid(fd098fb4cf57bad419701c802e442b7e) Importer(815301076,1909f56bfc062723c751e8b465ee728b)  -> (artifact id: 'c08153e84b5d6c94de28ec92a8cd9e2d') in 0.026055 seconds 
========================================================================
Received Import Request.
  Time since last request: 0.000025 seconds.
  path: Packages/com.unity.collab-proxy/Editor/PlasticSCM/Assets/Images/d_cloudbuho.png
  artifactKey: Guid(e5600378dd761e64d9423790c482bf36) Importer(815301076,1909f56bfc062723c751e8b465ee728b)
Start importing Packages/com.unity.collab-proxy/Editor/PlasticSCM/Assets/Images/d_cloudbuho.png using Guid(e5600378dd761e64d9423790c482bf36) Importer(815301076,1909f56bfc062723c751e8b465ee728b)  -> (artifact id: 'c09233cc9f11bc736a34afd3f549edb7') in 0.032237 seconds 
========================================================================
Received Import Request.
  Time since last request: 0.000019 seconds.
  path: Packages/com.unity.collab-proxy/Editor/PlasticSCM/Assets/Images/d_cloudbuhoshe.png
  artifactKey: Guid(dae33700bd23f76409a80bf78fdb8a42) Importer(815301076,1909f56bfc062723c751e8b465ee728b)
Start importing Packages/com.unity.collab-proxy/Editor/PlasticSCM/Assets/Images/d_cloudbuhoshe.png using Guid(dae33700bd23f76409a80bf78fdb8a42) Importer(815301076,1909f56bfc062723c751e8b465ee728b)  -> (artifact id: '05c0fd58ae8a3c61aabfecfe90c7accf') in 0.027772 seconds 
========================================================================
Received Import Request.
  Time since last request: 46.367843 seconds.
  path: Packages/com.unity.collab-proxy/Editor/PlasticSCM/Assets/Images/iconclosebutton.png
  artifactKey: Guid(13527793884104b46b7446fd7464c3ed) Importer(815301076,1909f56bfc062723c751e8b465ee728b)
Start importing Packages/com.unity.collab-proxy/Editor/PlasticSCM/Assets/Images/iconclosebutton.png using Guid(13527793884104b46b7446fd7464c3ed) Importer(815301076,1909f56bfc062723c751e8b465ee728b)  -> (artifact id: '721025487b12dffcce4757db8c4e5778') in 0.024797 seconds 
========================================================================
Received Import Request.
  Time since last request: 41.623732 seconds.
  path: Assets/00_Common/Sprite/00_UI/Panel.png
  artifactKey: Guid(f9adb47fb09a820408fae1bc2aa018bb) Importer(815301076,1909f56bfc062723c751e8b465ee728b)
Start importing Assets/00_Common/Sprite/00_UI/Panel.png using Guid(f9adb47fb09a820408fae1bc2aa018bb) Importer(815301076,1909f56bfc062723c751e8b465ee728b)  -> (artifact id: '5ed770dccc3f5716159a010b391e692e') in 0.304201 seconds 
========================================================================
Received Import Request.
  Time since last request: 0.000049 seconds.
  path: Assets/00_Common/Sprite/00_UI/Panel3.png
  artifactKey: Guid(4f14a6cce7827f64d80a7fef61119cf9) Importer(815301076,1909f56bfc062723c751e8b465ee728b)
Start importing Assets/00_Common/Sprite/00_UI/Panel3.png using Guid(4f14a6cce7827f64d80a7fef61119cf9) Importer(815301076,1909f56bfc062723c751e8b465ee728b)  -> (artifact id: '420e63fce83823472c12dfe46e2883f4') in 0.120363 seconds 
========================================================================
Received Import Request.
  Time since last request: 8.073112 seconds.
  path: Packages/com.unity.collab-proxy/Editor/PlasticSCM/Assets/Images/d_genericbuhochristmas1.png
  artifactKey: Guid(e36d1a38d7aa309409e80bf66a089330) Importer(815301076,1909f56bfc062723c751e8b465ee728b)
Start importing Packages/com.unity.collab-proxy/Editor/PlasticSCM/Assets/Images/d_genericbuhochristmas1.png using Guid(e36d1a38d7aa309409e80bf66a089330) Importer(815301076,1909f56bfc062723c751e8b465ee728b)  -> (artifact id: 'b05863ea65690cc2e50c77522823165d') in 0.097882 seconds 
========================================================================
Received Import Request.
  Time since last request: 0.000037 seconds.
  path: Packages/com.unity.collab-proxy/Editor/PlasticSCM/Assets/Images/d_genericbuhoshe1.png
  artifactKey: Guid(f2901efd8bb16bc408ad37f017fbf9bc) Importer(815301076,1909f56bfc062723c751e8b465ee728b)
Start importing Packages/com.unity.collab-proxy/Editor/PlasticSCM/Assets/Images/d_genericbuhoshe1.png using Guid(f2901efd8bb16bc408ad37f017fbf9bc) Importer(815301076,1909f56bfc062723c751e8b465ee728b)  -> (artifact id: '7717a064161b995d1cbcb9cb334d2b60') in 0.041099 seconds 
========================================================================
Received Import Request.
  Time since last request: 0.000032 seconds.
  path: Packages/com.unity.collab-proxy/Editor/PlasticSCM/Assets/Images/d_genericbuhoshe2.png
  artifactKey: Guid(17035c204825f6340a252046ab6476fd) Importer(815301076,1909f56bfc062723c751e8b465ee728b)
Start importing Packages/com.unity.collab-proxy/Editor/PlasticSCM/Assets/Images/d_genericbuhoshe2.png using Guid(17035c204825f6340a252046ab6476fd) Importer(815301076,1909f56bfc062723c751e8b465ee728b)  -> (artifact id: 'f8d2bea5866c7771cb05b0c6efce1780') in 0.029864 seconds 
========================================================================
Received Import Request.
  Time since last request: 0.000038 seconds.
  path: Packages/com.unity.collab-proxy/Editor/PlasticSCM/Assets/Images/d_genericbuhochristmas3.png
  artifactKey: Guid(6fac4e39926fd9c4ca2ba4416160a857) Importer(815301076,1909f56bfc062723c751e8b465ee728b)
Start importing Packages/com.unity.collab-proxy/Editor/PlasticSCM/Assets/Images/d_genericbuhochristmas3.png using Guid(6fac4e39926fd9c4ca2ba4416160a857) Importer(815301076,1909f56bfc062723c751e8b465ee728b)  -> (artifact id: 'ce2429f73f7d760ec8ccbd3650edc0ba') in 0.030401 seconds 
========================================================================
Received Import Request.
  Time since last request: 0.000027 seconds.
  path: Packages/com.unity.collab-proxy/Editor/PlasticSCM/Assets/Images/d_genericbuhoshechristmas3.png
  artifactKey: Guid(f8c9467a892580344bb697526dac0d13) Importer(815301076,1909f56bfc062723c751e8b465ee728b)
Start importing Packages/com.unity.collab-proxy/Editor/PlasticSCM/Assets/Images/d_genericbuhoshechristmas3.png using Guid(f8c9467a892580344bb697526dac0d13) Importer(815301076,1909f56bfc062723c751e8b465ee728b)  -> (artifact id: '4f8a2147c2b07f40bbac1db77cc0406e') in 0.027246 seconds 
========================================================================
Received Import Request.
  Time since last request: 2.612680 seconds.
  path: Packages/com.unity.collab-proxy/Editor/PlasticSCM/Assets/Images/d_genericbuho1.png
  artifactKey: Guid(43ad51e043491b94d8f6c62d55ac5ede) Importer(815301076,1909f56bfc062723c751e8b465ee728b)
Start importing Packages/com.unity.collab-proxy/Editor/PlasticSCM/Assets/Images/d_genericbuho1.png using Guid(43ad51e043491b94d8f6c62d55ac5ede) Importer(815301076,1909f56bfc062723c751e8b465ee728b)  -> (artifact id: '1cc3487875e56c083a6580e1624ef54f') in 0.028590 seconds 
========================================================================
Received Import Request.
  Time since last request: 0.000023 seconds.
  path: Packages/com.unity.collab-proxy/Editor/PlasticSCM/Assets/Images/d_genericbuho3.png
  artifactKey: Guid(9e9474494461bd048803b48e391ef0f6) Importer(815301076,1909f56bfc062723c751e8b465ee728b)
Start importing Packages/com.unity.collab-proxy/Editor/PlasticSCM/Assets/Images/d_genericbuho3.png using Guid(9e9474494461bd048803b48e391ef0f6) Importer(815301076,1909f56bfc062723c751e8b465ee728b)  -> (artifact id: '56c96275571132c36cfe25fb012e287f') in 0.034934 seconds 
========================================================================
Received Import Request.
  Time since last request: 4.746698 seconds.
  path: Packages/com.unity.collab-proxy/Editor/PlasticSCM/Assets/Images/d_iconaddedlocal.png
  artifactKey: Guid(0c6a2a64ca9f9c946a7dbbd1674cf5bd) Importer(815301076,1909f56bfc062723c751e8b465ee728b)
Start importing Packages/com.unity.collab-proxy/Editor/PlasticSCM/Assets/Images/d_iconaddedlocal.png using Guid(0c6a2a64ca9f9c946a7dbbd1674cf5bd) Importer(815301076,1909f56bfc062723c751e8b465ee728b)  -> (artifact id: 'a133b56121480cfbbbb798097a2cad07') in 0.026522 seconds 
========================================================================
Received Import Request.
  Time since last request: 0.000056 seconds.
  path: Packages/com.unity.collab-proxy/Editor/PlasticSCM/Assets/Images/d_iconaddedoverlay@2x.png
  artifactKey: Guid(a6fbd5a181bc51e42a61a73fe8d727c8) Importer(815301076,1909f56bfc062723c751e8b465ee728b)
Start importing Packages/com.unity.collab-proxy/Editor/PlasticSCM/Assets/Images/d_iconaddedoverlay@2x.png using Guid(a6fbd5a181bc51e42a61a73fe8d727c8) Importer(815301076,1909f56bfc062723c751e8b465ee728b)  -> (artifact id: '9517a53a02a894d38da61f689b6fbfca') in 0.022456 seconds 
========================================================================
Received Import Request.
  Time since last request: 0.000034 seconds.
  path: Packages/com.unity.collab-proxy/Editor/PlasticSCM/Assets/Images/d_iconbranch.png
  artifactKey: Guid(612c5e166a121e3449dad067fbdc37a4) Importer(815301076,1909f56bfc062723c751e8b465ee728b)
Start importing Packages/com.unity.collab-proxy/Editor/PlasticSCM/Assets/Images/d_iconbranch.png using Guid(612c5e166a121e3449dad067fbdc37a4) Importer(815301076,1909f56bfc062723c751e8b465ee728b)  -> (artifact id: 'c0ba0ac96de5673b80137d54b1ec198b') in 0.018917 seconds 
========================================================================
Received Import Request.
  Time since last request: 0.000027 seconds.
  path: Packages/com.unity.collab-proxy/Editor/PlasticSCM/Assets/Images/d_iconcheckedoutlocaloverlay@2x.png
  artifactKey: Guid(8d98ab6168c3e91439339f1908b8fe97) Importer(815301076,1909f56bfc062723c751e8b465ee728b)
Start importing Packages/com.unity.collab-proxy/Editor/PlasticSCM/Assets/Images/d_iconcheckedoutlocaloverlay@2x.png using Guid(8d98ab6168c3e91439339f1908b8fe97) Importer(815301076,1909f56bfc062723c751e8b465ee728b)  -> (artifact id: '35e48c7f1f5ca32b9af661cf03ec0b5b') in 0.027275 seconds 
========================================================================
Received Import Request.
  Time since last request: 1.292320 seconds.
  path: Packages/com.unity.collab-proxy/Editor/PlasticSCM/Assets/Images/d_iconplasticview@2x.png
  artifactKey: Guid(3168140d6f409d0448447f18568d9482) Importer(815301076,1909f56bfc062723c751e8b465ee728b)
Start importing Packages/com.unity.collab-proxy/Editor/PlasticSCM/Assets/Images/d_iconplasticview@2x.png using Guid(3168140d6f409d0448447f18568d9482) Importer(815301076,1909f56bfc062723c751e8b465ee728b)  -> (artifact id: '18643b2e4c1cdf6275a8925a301c1235') in 0.020459 seconds 
========================================================================
Received Import Request.
  Time since last request: 0.000016 seconds.
  path: Packages/com.unity.collab-proxy/Editor/PlasticSCM/Assets/Images/d_iconundo.png
  artifactKey: Guid(691dc543ff5b9ca44bf846657ba04161) Importer(815301076,1909f56bfc062723c751e8b465ee728b)
Start importing Packages/com.unity.collab-proxy/Editor/PlasticSCM/Assets/Images/d_iconundo.png using Guid(691dc543ff5b9ca44bf846657ba04161) Importer(815301076,1909f56bfc062723c751e8b465ee728b)  -> (artifact id: '16af434425978d006eb51cf203259deb') in 0.019459 seconds 
========================================================================
Received Import Request.
  Time since last request: 0.000049 seconds.
  path: Packages/com.unity.collab-proxy/Editor/PlasticSCM/Assets/Images/d_iconprivateoverlay.png
  artifactKey: Guid(059fb5367594a3343814dc25ace454b3) Importer(815301076,1909f56bfc062723c751e8b465ee728b)
Start importing Packages/com.unity.collab-proxy/Editor/PlasticSCM/Assets/Images/d_iconprivateoverlay.png using Guid(059fb5367594a3343814dc25ace454b3) Importer(815301076,1909f56bfc062723c751e8b465ee728b)  -> (artifact id: '54b27bd7d36c7c80902b82960c5ea849') in 0.058427 seconds 
========================================================================
Received Import Request.
  Time since last request: 0.000023 seconds.
  path: Packages/com.unity.collab-proxy/Editor/PlasticSCM/Assets/Images/d_iconprivateoverlay@2x.png
  artifactKey: Guid(7f854f490da24e54f9e8383e446b5d81) Importer(815301076,1909f56bfc062723c751e8b465ee728b)
Start importing Packages/com.unity.collab-proxy/Editor/PlasticSCM/Assets/Images/d_iconprivateoverlay@2x.png using Guid(7f854f490da24e54f9e8383e446b5d81) Importer(815301076,1909f56bfc062723c751e8b465ee728b)  -> (artifact id: '217d50b00fff9b398b8cc94bdaccf83f') in 0.030837 seconds 
========================================================================
Received Import Request.
  Time since last request: 0.323306 seconds.
  path: Packages/com.unity.collab-proxy/Editor/PlasticSCM/Assets/Images/d_ignoredoverlay.png
  artifactKey: Guid(0f5597de928ba6547895c4cdb9fa4185) Importer(815301076,1909f56bfc062723c751e8b465ee728b)
Start importing Packages/com.unity.collab-proxy/Editor/PlasticSCM/Assets/Images/d_ignoredoverlay.png using Guid(0f5597de928ba6547895c4cdb9fa4185) Importer(815301076,1909f56bfc062723c751e8b465ee728b)  -> (artifact id: '7ae2b57b7a6f62382835961cedbe3a1a') in 0.020792 seconds 
========================================================================
Received Import Request.
  Time since last request: 0.000021 seconds.
  path: Packages/com.unity.collab-proxy/Editor/PlasticSCM/Assets/Images/d_secondarytabclose.png
  artifactKey: Guid(6975ee4c1f40caf4da8dd733ee2cfeaf) Importer(815301076,1909f56bfc062723c751e8b465ee728b)
Start importing Packages/com.unity.collab-proxy/Editor/PlasticSCM/Assets/Images/d_secondarytabclose.png using Guid(6975ee4c1f40caf4da8dd733ee2cfeaf) Importer(815301076,1909f56bfc062723c751e8b465ee728b)  -> (artifact id: 'c1ae512f7abccb6e6e4923c20045283b') in 0.016692 seconds 
========================================================================
Received Import Request.
  Time since last request: 0.000019 seconds.
  path: Packages/com.unity.collab-proxy/Editor/PlasticSCM/Assets/Images/d_loading.png
  artifactKey: Guid(d58e94bfb1bac774dbb8ca9c2597ef2e) Importer(815301076,1909f56bfc062723c751e8b465ee728b)
Start importing Packages/com.unity.collab-proxy/Editor/PlasticSCM/Assets/Images/d_loading.png using Guid(d58e94bfb1bac774dbb8ca9c2597ef2e) Importer(815301076,1909f56bfc062723c751e8b465ee728b)  -> (artifact id: 'f6cf2dc6dd9721aea6641f4ff32f1bfd') in 0.059097 seconds 
========================================================================
Received Import Request.
  Time since last request: 0.022352 seconds.
  path: Packages/com.unity.collab-proxy/Editor/PlasticSCM/Assets/Images/d_secondarytabclosehover.png
  artifactKey: Guid(6a9d211bea1bc4a429d86cbb2d0b0a3e) Importer(815301076,1909f56bfc062723c751e8b465ee728b)
Start importing Packages/com.unity.collab-proxy/Editor/PlasticSCM/Assets/Images/d_secondarytabclosehover.png using Guid(6a9d211bea1bc4a429d86cbb2d0b0a3e) Importer(815301076,1909f56bfc062723c751e8b465ee728b)  -> (artifact id: 'a1d46ea22eb8c4e5c0cfd76055af6adb') in 0.024193 seconds 
========================================================================
Received Import Request.
  Time since last request: 0.000023 seconds.
  path: Packages/com.unity.collab-proxy/Editor/PlasticSCM/Assets/Images/d_step2.png
  artifactKey: Guid(897c3a3f5c4038345a7143573bbb4a40) Importer(815301076,1909f56bfc062723c751e8b465ee728b)
Start importing Packages/com.unity.collab-proxy/Editor/PlasticSCM/Assets/Images/d_step2.png using Guid(897c3a3f5c4038345a7143573bbb4a40) Importer(815301076,1909f56bfc062723c751e8b465ee728b)  -> (artifact id: 'b44068420a423f32c5e6a76b69c0800f') in 0.025739 seconds 
========================================================================
Received Import Request.
  Time since last request: 0.000018 seconds.
  path: Packages/com.unity.collab-proxy/Editor/PlasticSCM/Assets/Images/d_step2@2x.png
  artifactKey: Guid(cdb88fdb0cf46b244a667edaff21c7df) Importer(815301076,1909f56bfc062723c751e8b465ee728b)
Start importing Packages/com.unity.collab-proxy/Editor/PlasticSCM/Assets/Images/d_step2@2x.png using Guid(cdb88fdb0cf46b244a667edaff21c7df) Importer(815301076,1909f56bfc062723c751e8b465ee728b)  -> (artifact id: '00ae22eda6b47934c004b9b19f983c63') in 0.017864 seconds 
========================================================================
Received Import Request.
  Time since last request: 0.000025 seconds.
  path: Packages/com.unity.collab-proxy/Editor/PlasticSCM/Assets/Images/d_step1@2x.png
  artifactKey: Guid(c8a69ecdf54ac8e4b873466605de27ff) Importer(815301076,1909f56bfc062723c751e8b465ee728b)
Start importing Packages/com.unity.collab-proxy/Editor/PlasticSCM/Assets/Images/d_step1@2x.png using Guid(c8a69ecdf54ac8e4b873466605de27ff) Importer(815301076,1909f56bfc062723c751e8b465ee728b)  -> (artifact id: 'bc1050efb767b4266f934cba3fb1b2af') in 0.021528 seconds 
========================================================================
Received Import Request.
  Time since last request: 0.322039 seconds.
  path: Packages/com.unity.collab-proxy/Editor/PlasticSCM/Assets/Images/d_step3@2x.png
  artifactKey: Guid(c9ed6d6ea2f9657409bfa068d4846139) Importer(815301076,1909f56bfc062723c751e8b465ee728b)
Start importing Packages/com.unity.collab-proxy/Editor/PlasticSCM/Assets/Images/d_step3@2x.png using Guid(c9ed6d6ea2f9657409bfa068d4846139) Importer(815301076,1909f56bfc062723c751e8b465ee728b)  -> (artifact id: '4c332da9c411e7af81f9e61d933c4ef5') in 0.027932 seconds 
========================================================================
Received Import Request.
  Time since last request: 0.000045 seconds.
  path: Packages/com.unity.collab-proxy/Editor/PlasticSCM/Assets/Images/d_stevejobsbuhoshechristmas.png
  artifactKey: Guid(f008857e434b98b4eaabda1fd6af3059) Importer(815301076,1909f56bfc062723c751e8b465ee728b)
Start importing Packages/com.unity.collab-proxy/Editor/PlasticSCM/Assets/Images/d_stevejobsbuhoshechristmas.png using Guid(f008857e434b98b4eaabda1fd6af3059) Importer(815301076,1909f56bfc062723c751e8b465ee728b)  -> (artifact id: '732697869bf085af000370687924833c') in 0.041158 seconds 
========================================================================
Received Import Request.
  Time since last request: 0.000018 seconds.
  path: Packages/com.unity.collab-proxy/Editor/PlasticSCM/Assets/Images/iconcheckedoutlocaloverlay@2x.png
  artifactKey: Guid(3999034958d54364da380a8839a11050) Importer(815301076,1909f56bfc062723c751e8b465ee728b)
Start importing Packages/com.unity.collab-proxy/Editor/PlasticSCM/Assets/Images/iconcheckedoutlocaloverlay@2x.png using Guid(3999034958d54364da380a8839a11050) Importer(815301076,1909f56bfc062723c751e8b465ee728b)  -> (artifact id: '6905dd88ad3afe5d88bfbb33f1530d31') in 0.020348 seconds 
========================================================================
Received Import Request.
  Time since last request: 0.000019 seconds.
  path: Packages/com.unity.collab-proxy/Editor/PlasticSCM/Assets/Images/d_stevejobsbuho.png
  artifactKey: Guid(e92527f6d0fe45342ab542b47346d45f) Importer(815301076,1909f56bfc062723c751e8b465ee728b)
Start importing Packages/com.unity.collab-proxy/Editor/PlasticSCM/Assets/Images/d_stevejobsbuho.png using Guid(e92527f6d0fe45342ab542b47346d45f) Importer(815301076,1909f56bfc062723c751e8b465ee728b)  -> (artifact id: '33b649da970aadc26507fec5ef8c3504') in 0.031580 seconds 
========================================================================
Received Import Request.
  Time since last request: 0.000026 seconds.
  path: Assets/02_Lobby/02_Sprite/Color/green.png
  artifactKey: Guid(3cc0f3e9c427597488c69df06d7b269a) Importer(815301076,1909f56bfc062723c751e8b465ee728b)
Start importing Assets/02_Lobby/02_Sprite/Color/green.png using Guid(3cc0f3e9c427597488c69df06d7b269a) Importer(815301076,1909f56bfc062723c751e8b465ee728b)  -> (artifact id: '1452ed03267b77f92fbef4b48498be50') in 0.040804 seconds 
========================================================================
Received Import Request.
  Time since last request: 0.000028 seconds.
  path: Packages/com.unity.collab-proxy/Editor/PlasticSCM/Assets/Images/d_stevejobsbuhoshe.png
  artifactKey: Guid(56e456ab0f7f79a4dbabcc9079c49a94) Importer(815301076,1909f56bfc062723c751e8b465ee728b)
Start importing Packages/com.unity.collab-proxy/Editor/PlasticSCM/Assets/Images/d_stevejobsbuhoshe.png using Guid(56e456ab0f7f79a4dbabcc9079c49a94) Importer(815301076,1909f56bfc062723c751e8b465ee728b)  -> (artifact id: 'd4bab0cef58b877b5d8d78fc34557240') in 0.035198 seconds 
========================================================================
Received Import Request.
  Time since last request: 0.238763 seconds.
  path: Packages/com.unity.collab-proxy/Editor/PlasticSCM/Assets/Images/iconconflicted.png
  artifactKey: Guid(d1c88f142eee55b4eb2b2cfd7b3624ce) Importer(815301076,1909f56bfc062723c751e8b465ee728b)
Start importing Packages/com.unity.collab-proxy/Editor/PlasticSCM/Assets/Images/iconconflicted.png using Guid(d1c88f142eee55b4eb2b2cfd7b3624ce) Importer(815301076,1909f56bfc062723c751e8b465ee728b)  -> (artifact id: 'ed46e1eafb6032e18e1ce753615f9c73') in 0.024754 seconds 
========================================================================
Received Import Request.
  Time since last request: 0.000024 seconds.
  path: Packages/com.unity.collab-proxy/Editor/PlasticSCM/Assets/Images/iconconflictresolvedoverlay@2x.png
  artifactKey: Guid(309b1d5a294fd6c43ae9cf77656c1852) Importer(815301076,1909f56bfc062723c751e8b465ee728b)
Start importing Packages/com.unity.collab-proxy/Editor/PlasticSCM/Assets/Images/iconconflictresolvedoverlay@2x.png using Guid(309b1d5a294fd6c43ae9cf77656c1852) Importer(815301076,1909f56bfc062723c751e8b465ee728b)  -> (artifact id: '0a7c0a7dd7e1914188f25dd48785367c') in 0.020045 seconds 
========================================================================
Received Import Request.
  Time since last request: 0.000025 seconds.
  path: Packages/com.unity.collab-proxy/Editor/PlasticSCM/Assets/Images/icondeletedlocaloverlay@2x.png
  artifactKey: Guid(a3e491f99ea3ad74f8731ca93e84c497) Importer(815301076,1909f56bfc062723c751e8b465ee728b)
Start importing Packages/com.unity.collab-proxy/Editor/PlasticSCM/Assets/Images/icondeletedlocaloverlay@2x.png using Guid(a3e491f99ea3ad74f8731ca93e84c497) Importer(815301076,1909f56bfc062723c751e8b465ee728b)  -> (artifact id: 'd3c2657d03942ee724283417a823b3ea') in 0.020512 seconds 
========================================================================
Received Import Request.
  Time since last request: 0.031184 seconds.
  path: Packages/com.unity.collab-proxy/Editor/PlasticSCM/Assets/Images/icondeletedremote.png
  artifactKey: Guid(b85a4b2ec6433d04895612d791edc260) Importer(815301076,1909f56bfc062723c751e8b465ee728b)
Start importing Packages/com.unity.collab-proxy/Editor/PlasticSCM/Assets/Images/icondeletedremote.png using Guid(b85a4b2ec6433d04895612d791edc260) Importer(815301076,1909f56bfc062723c751e8b465ee728b)  -> (artifact id: '3e1b4d6107ab526ff4a3852da5be50dc') in 0.022499 seconds 
========================================================================
Received Import Request.
  Time since last request: 0.000020 seconds.
  path: Packages/com.unity.collab-proxy/Editor/PlasticSCM/Assets/Images/iconlockedlocaloverlay@2x.png
  artifactKey: Guid(b528c1b33a65cf94ea74f830b54c9acb) Importer(815301076,1909f56bfc062723c751e8b465ee728b)
Start importing Packages/com.unity.collab-proxy/Editor/PlasticSCM/Assets/Images/iconlockedlocaloverlay@2x.png using Guid(b528c1b33a65cf94ea74f830b54c9acb) Importer(815301076,1909f56bfc062723c751e8b465ee728b)  -> (artifact id: 'e59e53ed7b34ac52a7a001feeb6c14ff') in 0.017525 seconds 
========================================================================
Received Import Request.
  Time since last request: 0.000024 seconds.
  path: Packages/com.unity.collab-proxy/Editor/PlasticSCM/Assets/Images/iconemptygravatar.png
  artifactKey: Guid(91976e8b9ce0f0341838727acd55621c) Importer(815301076,1909f56bfc062723c751e8b465ee728b)
Start importing Packages/com.unity.collab-proxy/Editor/PlasticSCM/Assets/Images/iconemptygravatar.png using Guid(91976e8b9ce0f0341838727acd55621c) Importer(815301076,1909f56bfc062723c751e8b465ee728b)  -> (artifact id: '8a36afc900a4d5703a563cfd33c8e19f') in 0.025163 seconds 
========================================================================
Received Import Request.
  Time since last request: 0.290959 seconds.
  path: Packages/com.unity.collab-proxy/Editor/PlasticSCM/Assets/Images/iconmergelink.png
  artifactKey: Guid(120bf54dff785a0429b068b814e9c12a) Importer(815301076,1909f56bfc062723c751e8b465ee728b)
Start importing Packages/com.unity.collab-proxy/Editor/PlasticSCM/Assets/Images/iconmergelink.png using Guid(120bf54dff785a0429b068b814e9c12a) Importer(815301076,1909f56bfc062723c751e8b465ee728b)  -> (artifact id: '8849f940d1adf653dbb98f193255478a') in 0.028701 seconds 
========================================================================
Received Import Request.
  Time since last request: 0.000024 seconds.
  path: Packages/com.unity.collab-proxy/Editor/PlasticSCM/Assets/Images/iconoutofsync.png
  artifactKey: Guid(636d03a8834e3ed4cac3a1cb4b82deaf) Importer(815301076,1909f56bfc062723c751e8b465ee728b)
Start importing Packages/com.unity.collab-proxy/Editor/PlasticSCM/Assets/Images/iconoutofsync.png using Guid(636d03a8834e3ed4cac3a1cb4b82deaf) Importer(815301076,1909f56bfc062723c751e8b465ee728b)  -> (artifact id: '3e86f549fb7b546f0e9cbad45aa1c201') in 0.039321 seconds 
========================================================================
Received Import Request.
  Time since last request: 0.000023 seconds.
  path: Packages/com.unity.collab-proxy/Editor/PlasticSCM/Assets/Images/iconplasticviewnotify@2x.png
  artifactKey: Guid(0a4da12ff51bd83498216f698c7f20fa) Importer(815301076,1909f56bfc062723c751e8b465ee728b)
Start importing Packages/com.unity.collab-proxy/Editor/PlasticSCM/Assets/Images/iconplasticviewnotify@2x.png using Guid(0a4da12ff51bd83498216f698c7f20fa) Importer(815301076,1909f56bfc062723c751e8b465ee728b)  -> (artifact id: 'c528658858058303f850148dafbe4d05') in 0.025896 seconds 
========================================================================
Received Import Request.
  Time since last request: 0.000029 seconds.
  path: Packages/com.unity.collab-proxy/Editor/PlasticSCM/Assets/Images/iconplasticnotifyincoming.png
  artifactKey: Guid(1e6c9635b80f973488d8335a081c905f) Importer(815301076,1909f56bfc062723c751e8b465ee728b)
Start importing Packages/com.unity.collab-proxy/Editor/PlasticSCM/Assets/Images/iconplasticnotifyincoming.png using Guid(1e6c9635b80f973488d8335a081c905f) Importer(815301076,1909f56bfc062723c751e8b465ee728b)  -> (artifact id: '696afeab9328d34cb901593eda0299f6') in 0.019177 seconds 
========================================================================
Received Import Request.
  Time since last request: 0.000027 seconds.
  path: Packages/com.unity.collab-proxy/Editor/PlasticSCM/Assets/Images/iconplasticview.png
  artifactKey: Guid(dcb2ee37925b97e438ae244996d81a55) Importer(815301076,1909f56bfc062723c751e8b465ee728b)
Start importing Packages/com.unity.collab-proxy/Editor/PlasticSCM/Assets/Images/iconplasticview.png using Guid(dcb2ee37925b97e438ae244996d81a55) Importer(815301076,1909f56bfc062723c751e8b465ee728b)  -> (artifact id: '1886bef0ff0920081551808b7e95a93e') in 0.023257 seconds 
========================================================================
Received Import Request.
  Time since last request: 0.000048 seconds.
  path: Packages/com.unity.collab-proxy/Editor/PlasticSCM/Assets/Images/iconplasticview@2x.png
  artifactKey: Guid(97a4e2b6ae08b1140a5ba9e22953e029) Importer(815301076,1909f56bfc062723c751e8b465ee728b)
Start importing Packages/com.unity.collab-proxy/Editor/PlasticSCM/Assets/Images/iconplasticview@2x.png using Guid(97a4e2b6ae08b1140a5ba9e22953e029) Importer(815301076,1909f56bfc062723c751e8b465ee728b)  -> (artifact id: '2a5b558e02ba7ca32039a8232d4719e6') in 0.017974 seconds 
========================================================================
Received Import Request.
  Time since last request: 0.000023 seconds.
  path: Packages/com.unity.collab-proxy/Editor/PlasticSCM/Assets/Images/iconoutofsync@2x.png
  artifactKey: Guid(d7094718bdac022428dd29244922d06b) Importer(815301076,1909f56bfc062723c751e8b465ee728b)
Start importing Packages/com.unity.collab-proxy/Editor/PlasticSCM/Assets/Images/iconoutofsync@2x.png using Guid(d7094718bdac022428dd29244922d06b) Importer(815301076,1909f56bfc062723c751e8b465ee728b)  -> (artifact id: '1e60a0161d4d73d6953d0b57f1d40ac3') in 0.028323 seconds 
========================================================================
Received Import Request.
  Time since last request: 0.134700 seconds.
  path: Packages/com.unity.collab-proxy/Editor/PlasticSCM/Assets/Images/iconprivateoverlay@2x.png
  artifactKey: Guid(40685941c1361aa4a957b61174bce3f6) Importer(815301076,1909f56bfc062723c751e8b465ee728b)
Start importing Packages/com.unity.collab-proxy/Editor/PlasticSCM/Assets/Images/iconprivateoverlay@2x.png using Guid(40685941c1361aa4a957b61174bce3f6) Importer(815301076,1909f56bfc062723c751e8b465ee728b)  -> (artifact id: 'f127c6eb956a434d3326959fbb8a076c') in 0.025431 seconds 
========================================================================
Received Import Request.
  Time since last request: 0.000029 seconds.
  path: Packages/com.unity.collab-proxy/Editor/PlasticSCM/Assets/Images/iconundo@2x.png
  artifactKey: Guid(0dfbb2b6ddcdd254da80e3418498b3a6) Importer(815301076,1909f56bfc062723c751e8b465ee728b)
Start importing Packages/com.unity.collab-proxy/Editor/PlasticSCM/Assets/Images/iconundo@2x.png using Guid(0dfbb2b6ddcdd254da80e3418498b3a6) Importer(815301076,1909f56bfc062723c751e8b465ee728b)  -> (artifact id: '1ef9d29a765125e28e5f734d58727172') in 0.025386 seconds 
========================================================================
Received Import Request.
  Time since last request: 0.000029 seconds.
  path: Packages/com.unity.collab-proxy/Editor/PlasticSCM/Assets/Images/iconundo.png
  artifactKey: Guid(98773313eabe35543bfdbf542ccea271) Importer(815301076,1909f56bfc062723c751e8b465ee728b)
Start importing Packages/com.unity.collab-proxy/Editor/PlasticSCM/Assets/Images/iconundo.png using Guid(98773313eabe35543bfdbf542ccea271) Importer(815301076,1909f56bfc062723c751e8b465ee728b)  -> (artifact id: '50badd235e9b74e56edd309ac6761cd2') in 0.035541 seconds 
========================================================================
Received Import Request.
  Time since last request: 0.000026 seconds.
  path: Packages/com.unity.collab-proxy/Editor/PlasticSCM/Assets/Images/loading.png
  artifactKey: Guid(c6b1bcaa3f4767141acd747384dbb276) Importer(815301076,1909f56bfc062723c751e8b465ee728b)
Start importing Packages/com.unity.collab-proxy/Editor/PlasticSCM/Assets/Images/loading.png using Guid(c6b1bcaa3f4767141acd747384dbb276) Importer(815301076,1909f56bfc062723c751e8b465ee728b)  -> (artifact id: 'f8c26be8551883319846fee75fd2cf5c') in 0.027051 seconds 
========================================================================
Received Import Request.
  Time since last request: 0.241559 seconds.
  path: Assets/Resource/2D Sprite/Game/General UIs/LoVTIcon.png
  artifactKey: Guid(08dc825155a7535439b2261195cdad35) Importer(815301076,1909f56bfc062723c751e8b465ee728b)
Start importing Assets/Resource/2D Sprite/Game/General UIs/LoVTIcon.png using Guid(08dc825155a7535439b2261195cdad35) Importer(815301076,1909f56bfc062723c751e8b465ee728b)  -> (artifact id: '9a0a5a1b3d27470435f21ecb908db7b6') in 0.093098 seconds 
========================================================================
Received Import Request.
  Time since last request: 0.000020 seconds.
  path: Assets/Resource/2D Sprite/Game/General UIs/LoVTIcon-Compact.png
  artifactKey: Guid(9e369600f74bf264ab2f3e510026a309) Importer(815301076,1909f56bfc062723c751e8b465ee728b)
Start importing Assets/Resource/2D Sprite/Game/General UIs/LoVTIcon-Compact.png using Guid(9e369600f74bf264ab2f3e510026a309) Importer(815301076,1909f56bfc062723c751e8b465ee728b)  -> (artifact id: 'a1de9ee6d6cb6762851e26a91257679e') in 0.065672 seconds 
========================================================================
Received Import Request.
  Time since last request: 0.000024 seconds.
  path: Packages/com.unity.collab-proxy/Editor/PlasticSCM/Assets/Images/notondisk.png
  artifactKey: Guid(b205f4b28f59dda49af458b35d8a3ff3) Importer(815301076,1909f56bfc062723c751e8b465ee728b)
Start importing Packages/com.unity.collab-proxy/Editor/PlasticSCM/Assets/Images/notondisk.png using Guid(b205f4b28f59dda49af458b35d8a3ff3) Importer(815301076,1909f56bfc062723c751e8b465ee728b)  -> (artifact id: 'eaf0fd1f574c0cecdeb41c9b8a5266b2') in 0.020667 seconds 
========================================================================
Received Import Request.
  Time since last request: 0.000028 seconds.
  path: Assets/00_Common/Sprite/00_Logo/00_Faction/NargarIcon-Compact.png
  artifactKey: Guid(61c9d89e6eb7d51408acac961f9dd2be) Importer(815301076,1909f56bfc062723c751e8b465ee728b)
Start importing Assets/00_Common/Sprite/00_Logo/00_Faction/NargarIcon-Compact.png using Guid(61c9d89e6eb7d51408acac961f9dd2be) Importer(815301076,1909f56bfc062723c751e8b465ee728b)  -> (artifact id: 'cfcb7546310f4db3ba4839810fe35af7') in 0.011626 seconds 
========================================================================
Received Import Request.
  Time since last request: 0.000029 seconds.
  path: Assets/Resource/2D Sprite/Game/General UIs/NargarIcon.png
  artifactKey: Guid(f179f99bbfaf51e42bb1c22fd6ceb7d2) Importer(815301076,1909f56bfc062723c751e8b465ee728b)
Start importing Assets/Resource/2D Sprite/Game/General UIs/NargarIcon.png using Guid(f179f99bbfaf51e42bb1c22fd6ceb7d2) Importer(815301076,1909f56bfc062723c751e8b465ee728b)  -> (artifact id: 'b0f657ab07a5e885935fc35defc7d835') in 0.050944 seconds 
========================================================================
Received Import Request.
  Time since last request: 1.154762 seconds.
  path: Assets/00_Common/Sprite/00_Logo/00_Faction/QuestionIcon.png
  artifactKey: Guid(4545ba43b1f5e3c42ad2a37ada9944ef) Importer(815301076,1909f56bfc062723c751e8b465ee728b)
Start importing Assets/00_Common/Sprite/00_Logo/00_Faction/QuestionIcon.png using Guid(4545ba43b1f5e3c42ad2a37ada9944ef) Importer(815301076,1909f56bfc062723c751e8b465ee728b)  -> (artifact id: '7ce7cfc2f7c531fd76bb1897424f861e') in 0.025621 seconds 
========================================================================
Received Import Request.
  Time since last request: 125.232685 seconds.
  path: Assets/02_Lobby
  artifactKey: Guid(b2b02880962477f40aed55e05a2f7946) Importer(815301076,1909f56bfc062723c751e8b465ee728b)
Start importing Assets/02_Lobby using Guid(b2b02880962477f40aed55e05a2f7946) Importer(815301076,1909f56bfc062723c751e8b465ee728b)  -> (artifact id: '27118bddeb207d1248e7ffe7fdf37e50') in 0.009629 seconds 
========================================================================
Received Import Request.
  Time since last request: 15.317704 seconds.
  path: Assets/Campaign
  artifactKey: Guid(1dd28f51a8dd2b744be00245b9554d41) Importer(815301076,1909f56bfc062723c751e8b465ee728b)
Start importing Assets/Campaign using Guid(1dd28f51a8dd2b744be00245b9554d41) Importer(815301076,1909f56bfc062723c751e8b465ee728b)  -> (artifact id: 'ab01856c87d3596d98ea92be96e053a0') in 0.010911 seconds 
========================================================================
Received Import Request.
  Time since last request: 3.703485 seconds.
  path: Assets/Menu
  artifactKey: Guid(6f6e8d449ceb9e64e9302087e4240b53) Importer(815301076,1909f56bfc062723c751e8b465ee728b)
Start importing Assets/Menu using Guid(6f6e8d449ceb9e64e9302087e4240b53) Importer(815301076,1909f56bfc062723c751e8b465ee728b)  -> (artifact id: '5262e824fecb674484f3f8b7f4c1f8aa') in 0.010630 seconds 
========================================================================
Received Import Request.
  Time since last request: 1.261772 seconds.
  path: Assets/Menu/02_MainMenuScene.unity
  artifactKey: Guid(4c8dfb958bd85684f802c73927ea24f2) Importer(815301076,1909f56bfc062723c751e8b465ee728b)
Start importing Assets/Menu/02_MainMenuScene.unity using Guid(4c8dfb958bd85684f802c73927ea24f2) Importer(815301076,1909f56bfc062723c751e8b465ee728b)  -> (artifact id: '1c319e43db08e9e021cb8ed15930ba26') in 0.014048 seconds 
========================================================================
Received Import Request.
  Time since last request: 85.432626 seconds.
  path: Assets/00_Common
  artifactKey: Guid(c9be06a2de8091e43ab5839bf3e21641) Importer(815301076,1909f56bfc062723c751e8b465ee728b)
Start importing Assets/00_Common using Guid(c9be06a2de8091e43ab5839bf3e21641) Importer(815301076,1909f56bfc062723c751e8b465ee728b)  -> (artifact id: 'aff4c5a72e969ba0ff8fc77b81248614') in 0.010635 seconds 
========================================================================
Received Import Request.
  Time since last request: 1.950645 seconds.
  path: Assets/01_Loading
  artifactKey: Guid(09e847a62e02d91419db8496087bc83f) Importer(815301076,1909f56bfc062723c751e8b465ee728b)
Start importing Assets/01_Loading using Guid(09e847a62e02d91419db8496087bc83f) Importer(815301076,1909f56bfc062723c751e8b465ee728b)  -> (artifact id: '2eac64ba241967a00f62df5891e75d5e') in 0.012578 seconds 
========================================================================
Received Import Request.
  Time since last request: 19.193718 seconds.
  path: Assets/02_Lobby/SkirmishLobbyScene.unity
  artifactKey: Guid(120c976cdfb0fe84695a106710aeccc8) Importer(815301076,1909f56bfc062723c751e8b465ee728b)
Start importing Assets/02_Lobby/SkirmishLobbyScene.unity using Guid(120c976cdfb0fe84695a106710aeccc8) Importer(815301076,1909f56bfc062723c751e8b465ee728b)  -> (artifact id: '635bf79f1109f8439d26f120c3664dcd') in 0.012084 seconds 
========================================================================
Received Import Request.
  Time since last request: 0.699153 seconds.
  path: Assets/02_Lobby/02_Script
  artifactKey: Guid(3f2f2c3da70cc2149aed70d12959ccc6) Importer(815301076,1909f56bfc062723c751e8b465ee728b)
Start importing Assets/02_Lobby/02_Script using Guid(3f2f2c3da70cc2149aed70d12959ccc6) Importer(815301076,1909f56bfc062723c751e8b465ee728b)  -> (artifact id: '3ca5ffe067a40a3f6779f170bd73fa96') in 0.002133 seconds 
========================================================================
Received Import Request.
  Time since last request: 21.063477 seconds.
  path: Assets/Plugins
  artifactKey: Guid(e6cbfe28208264d4c99d234fc00399d8) Importer(815301076,1909f56bfc062723c751e8b465ee728b)
Start importing Assets/Plugins using Guid(e6cbfe28208264d4c99d234fc00399d8) Importer(815301076,1909f56bfc062723c751e8b465ee728b)  -> (artifact id: 'f78703f14160afc7d3527363044e1c5e') in 0.013596 seconds 
========================================================================
Received Import Request.
  Time since last request: 1.136192 seconds.
  path: Assets/Plugins/Demigiant
  artifactKey: Guid(46ccbcdc22faf3f4282385c05c5083d1) Importer(815301076,1909f56bfc062723c751e8b465ee728b)
Start importing Assets/Plugins/Demigiant using Guid(46ccbcdc22faf3f4282385c05c5083d1) Importer(815301076,1909f56bfc062723c751e8b465ee728b)  -> (artifact id: '5a9db39b5c94f3f6b68e5c1d7f506591') in 0.013343 seconds 
========================================================================
Received Prepare
Registering precompiled user dll's ...
Registered in 0.002031 seconds.
Begin MonoManager ReloadAssembly
Native extension for WindowsStandalone target not found
Native extension for Android target not found
Native extension for WebGL target not found
Refreshing native plugins compatible for Editor in 0.31 ms, found 2 plugins.
Preloading 0 native plugins for Editor in 0.00 ms.
Mono: successfully reloaded assembly
- Completed reload, in  1.073 seconds
Domain Reload Profiling:
	ReloadAssembly (1074ms)
		BeginReloadAssembly (175ms)
			ExecutionOrderSort (0ms)
			DisableScriptedObjects (8ms)
			BackupInstance (0ms)
			ReleaseScriptingObjects (0ms)
			CreateAndSetChildDomain (38ms)
		EndReloadAssembly (785ms)
			LoadAssemblies (117ms)
			RebuildTransferFunctionScriptingTraits (0ms)
			SetupTypeCache (236ms)
			ReleaseScriptCaches (1ms)
			RebuildScriptCaches (53ms)
			SetupLoadedEditorAssemblies (345ms)
				LogAssemblyErrors (0ms)
				InitializePlatformSupportModulesInManaged (32ms)
				SetLoadedEditorAssemblies (1ms)
				RefreshPlugins (0ms)
				BeforeProcessingInitializeOnLoad (60ms)
				ProcessInitializeOnLoadAttributes (219ms)
				ProcessInitializeOnLoadMethodAttributes (26ms)
				AfterProcessingInitializeOnLoad (6ms)
				EditorAssembliesLoaded (0ms)
			ExecutionOrderSort2 (0ms)
			AwakeInstancesAfterBackupRestoration (11ms)
Platform modules already initialized, skipping
Refreshing native plugins compatible for Editor in 1.00 ms, found 2 plugins.
Preloading 0 native plugins for Editor in 0.00 ms.
Unloading 1402 Unused Serialized files (Serialized files now loaded: 0)
Unloading 19 unused Assets / (24.6 KB). Loaded Objects now: 1964.
Memory consumption went from 68.5 MB to 68.5 MB.
Total: 2.832400 ms (FindLiveObjects: 0.150900 ms CreateObjectMapping: 0.054200 ms MarkObjects: 2.568100 ms  DeleteObjects: 0.058400 ms)

AssetImportParameters requested are different than current active one (requested -> active):
  custom:video-decoder-ogg-theora: a1e56fd34408186e4bbccfd4996cb3dc -> 
  custom:container-muxer-webm: aa71ff27fc2769a1b78a27578f13a17b -> 
  custom:container-demuxer-webm: 4f35f7cbe854078d1ac9338744f61a02 -> 
  custom:video-encoder-webm-vp8: eb34c28f22e8b96e1ab97ce403110664 -> 
  custom:audio-encoder-webm-vorbis: bf7c407c2cedff20999df2af8eb42d56 -> 
  custom:framework-win-MediaFoundation: 216162199b28c13a410421893ffa2e32 -> 
  custom:container-demuxer-ogg: 62fdf1f143b41e24485cea50d1cbac27 -> 
  custom:video-decoder-webm-vp8: 9c59270c3fd7afecdb556c50c9e8de78 -> 
  custom:audio-decoder-ogg-vorbis: bf7c407c2cedff20999df2af8eb42d56 -> 
========================================================================
Received Import Request.
  Time since last request: 20.453216 seconds.
  path: Assets/Resource
  artifactKey: Guid(2be3e4532b57bd84a84ffa09048ef680) Importer(815301076,1909f56bfc062723c751e8b465ee728b)
Start importing Assets/Resource using Guid(2be3e4532b57bd84a84ffa09048ef680) Importer(815301076,1909f56bfc062723c751e8b465ee728b)  -> (artifact id: 'e2b7a90384b10f3ef6fcc5da628a1a11') in 0.010089 seconds 
========================================================================
Received Import Request.
  Time since last request: 0.024680 seconds.
  path: Assets/Resource/DOTweenSettings.asset
  artifactKey: Guid(3e73e18d4fd78b747bf1488f9cf5a210) Importer(815301076,1909f56bfc062723c751e8b465ee728b)
Start importing Assets/Resource/DOTweenSettings.asset using Guid(3e73e18d4fd78b747bf1488f9cf5a210) Importer(815301076,1909f56bfc062723c751e8b465ee728b)  -> (artifact id: 'fc8a653d636a3042f71fc8d5fb7f8e27') in 0.013067 seconds 
========================================================================
Received Import Request.
  Time since last request: 1.466787 seconds.
  path: Assets/Resource/2D Sprite
  artifactKey: Guid(ff89107d185120f48a9343ec86bfb743) Importer(815301076,1909f56bfc062723c751e8b465ee728b)
Start importing Assets/Resource/2D Sprite using Guid(ff89107d185120f48a9343ec86bfb743) Importer(815301076,1909f56bfc062723c751e8b465ee728b)  -> (artifact id: '639680b7daf766aaf359370e442f3227') in 0.009898 seconds 
========================================================================
Received Import Request.
  Time since last request: 0.828081 seconds.
  path: Assets/Resource/2D Sprite/Game
  artifactKey: Guid(fbed3ceb2f26c8a4ab1ccf018aa07cc1) Importer(815301076,1909f56bfc062723c751e8b465ee728b)
Start importing Assets/Resource/2D Sprite/Game using Guid(fbed3ceb2f26c8a4ab1ccf018aa07cc1) Importer(815301076,1909f56bfc062723c751e8b465ee728b)  -> (artifact id: 'bc15ef996d762560fc0892960c0615f2') in 0.010405 seconds 
========================================================================
Received Import Request.
  Time since last request: 1.119129 seconds.
  path: Assets/Resource/2D Sprite/Game/General UIs
  artifactKey: Guid(e7f51c533704a034f9910811b08f8412) Importer(815301076,1909f56bfc062723c751e8b465ee728b)
Start importing Assets/Resource/2D Sprite/Game/General UIs using Guid(e7f51c533704a034f9910811b08f8412) Importer(815301076,1909f56bfc062723c751e8b465ee728b)  -> (artifact id: 'c0c9cf7359cfdb8322c7be3da79cd388') in 0.011217 seconds 
========================================================================
Received Import Request.
  Time since last request: 2.381695 seconds.
  path: Assets/Resource/2D Sprite/Game/UIs
  artifactKey: Guid(cef894503c0bbdc408f44fead722112a) Importer(815301076,1909f56bfc062723c751e8b465ee728b)
Start importing Assets/Resource/2D Sprite/Game/UIs using Guid(cef894503c0bbdc408f44fead722112a) Importer(815301076,1909f56bfc062723c751e8b465ee728b)  -> (artifact id: '9e343b4972e39ccaa977a2578ba8e4aa') in 0.010137 seconds 
========================================================================
Received Import Request.
  Time since last request: 0.042641 seconds.
  path: Assets/Resource/2D Sprite/Game/UIs/7920.jpg
  artifactKey: Guid(91afe98b30c99284c93cb267d184e18d) Importer(815301076,1909f56bfc062723c751e8b465ee728b)
Start importing Assets/Resource/2D Sprite/Game/UIs/7920.jpg using Guid(91afe98b30c99284c93cb267d184e18d) Importer(815301076,1909f56bfc062723c751e8b465ee728b)  -> (artifact id: 'eefc607f11ed263668d24b4fb41696a3') in 0.056110 seconds 
========================================================================
Received Import Request.
  Time since last request: 0.000032 seconds.
  path: Assets/Resource/2D Sprite/Game/UIs/login frame.png
  artifactKey: Guid(2dd35f99d762eec4da6c1d97994e8750) Importer(815301076,1909f56bfc062723c751e8b465ee728b)
Start importing Assets/Resource/2D Sprite/Game/UIs/login frame.png using Guid(2dd35f99d762eec4da6c1d97994e8750) Importer(815301076,1909f56bfc062723c751e8b465ee728b)  -> (artifact id: '5a8e7cfddf24382614f644fdcf1ba990') in 0.019608 seconds 
========================================================================
Received Import Request.
  Time since last request: 4.696331 seconds.
  path: Assets/Resource/2D Sprite/Studio
  artifactKey: Guid(d0b8543e5de52f040a9778d141ae833c) Importer(815301076,1909f56bfc062723c751e8b465ee728b)
Start importing Assets/Resource/2D Sprite/Studio using Guid(d0b8543e5de52f040a9778d141ae833c) Importer(815301076,1909f56bfc062723c751e8b465ee728b)  -> (artifact id: '9cd98c121ee4d0330c50b3e21befc6ab') in 0.009903 seconds 
========================================================================
Received Import Request.
  Time since last request: 4.314587 seconds.
  path: Assets/Resource/Videos
  artifactKey: Guid(16a17e3775d142f49a815ac347720b16) Importer(815301076,1909f56bfc062723c751e8b465ee728b)
Start importing Assets/Resource/Videos using Guid(16a17e3775d142f49a815ac347720b16) Importer(815301076,1909f56bfc062723c751e8b465ee728b)  -> (artifact id: 'd255cb7456a02bad9dcf4c924f1b0c81') in 0.010459 seconds 
========================================================================
Received Import Request.
  Time since last request: 0.106512 seconds.
  path: Assets/Resource/Videos/Earth Rotate.mp4
  artifactKey: Guid(65c68e12446223140a6b47bf0c8817e6) Importer(815301076,1909f56bfc062723c751e8b465ee728b)
Start importing Assets/Resource/Videos/Earth Rotate.mp4 using Guid(65c68e12446223140a6b47bf0c8817e6) Importer(815301076,1909f56bfc062723c751e8b465ee728b)  -> (artifact id: 'bfb5a7db96e6d81dd72e3ffd8c19fccf') in 0.012116 seconds 
========================================================================
Received Import Request.
  Time since last request: 20.021717 seconds.
  path: Assets/Profile
  artifactKey: Guid(fe9100c28c0c45844b74d1bd3ecd7476) Importer(815301076,1909f56bfc062723c751e8b465ee728b)
Start importing Assets/Profile using Guid(fe9100c28c0c45844b74d1bd3ecd7476) Importer(815301076,1909f56bfc062723c751e8b465ee728b)  -> (artifact id: '1fd80a7dcb3d0b75beb922b496bfae4a') in 0.012801 seconds 
========================================================================
Received Import Request.
  Time since last request: 1.716668 seconds.
  path: Assets/Profile/Player1
  artifactKey: Guid(36fbdb932ba2c624cacf4e86e6cbab2e) Importer(815301076,1909f56bfc062723c751e8b465ee728b)
Start importing Assets/Profile/Player1 using Guid(36fbdb932ba2c624cacf4e86e6cbab2e) Importer(815301076,1909f56bfc062723c751e8b465ee728b)  -> (artifact id: '4f95b9c5a5e27c1f1c68591e41241513') in 0.013429 seconds 
========================================================================
Received Import Request.
  Time since last request: 1.757108 seconds.
  path: Assets/Profile/PalyerAnim
  artifactKey: Guid(eb57d37f11c0e014aa8ad9f1aed518ba) Importer(815301076,1909f56bfc062723c751e8b465ee728b)
Start importing Assets/Profile/PalyerAnim using Guid(eb57d37f11c0e014aa8ad9f1aed518ba) Importer(815301076,1909f56bfc062723c751e8b465ee728b)  -> (artifact id: '3a3350cfd7edcf5abe08bee0bfc353c1') in 0.011868 seconds 
========================================================================
Received Import Request.
  Time since last request: 7.458809 seconds.
  path: Assets/Lore
  artifactKey: Guid(07f5612694b95804191ca675424f6076) Importer(815301076,1909f56bfc062723c751e8b465ee728b)
Start importing Assets/Lore using Guid(07f5612694b95804191ca675424f6076) Importer(815301076,1909f56bfc062723c751e8b465ee728b)  -> (artifact id: 'a9fba66db1c0888a073698e3141e4589') in 0.011140 seconds 
========================================================================
Received Import Request.
  Time since last request: 7.931010 seconds.
  path: Assets/InGame
  artifactKey: Guid(26ca5383ca8bb5045bee5a04a95e557a) Importer(815301076,1909f56bfc062723c751e8b465ee728b)
Start importing Assets/InGame using Guid(26ca5383ca8bb5045bee5a04a95e557a) Importer(815301076,1909f56bfc062723c751e8b465ee728b)  -> (artifact id: 'fbbeba92b9e08ef81b9fa3b5ef4b6f6f') in 0.012491 seconds 
========================================================================
Received Import Request.
  Time since last request: 6.704055 seconds.
  path: Assets/InGame/Prefabs
  artifactKey: Guid(abc781079da22f94184a13af8c9e5685) Importer(815301076,1909f56bfc062723c751e8b465ee728b)
Start importing Assets/InGame/Prefabs using Guid(abc781079da22f94184a13af8c9e5685) Importer(815301076,1909f56bfc062723c751e8b465ee728b)  -> (artifact id: '8922218469470865f587eef0277381e8') in 0.012095 seconds 
========================================================================
Received Import Request.
  Time since last request: 0.100279 seconds.
  path: Assets/InGame/Prefabs/Terrain.prefab
  artifactKey: Guid(70b200f6ecf9c074ba6b0c173e7cdd54) Importer(815301076,1909f56bfc062723c751e8b465ee728b)
Start importing Assets/InGame/Prefabs/Terrain.prefab using Guid(70b200f6ecf9c074ba6b0c173e7cdd54) Importer(815301076,1909f56bfc062723c751e8b465ee728b)  -> (artifact id: '4e89cfc882a7eadd45ba00e428893901') in 0.196168 seconds 
========================================================================
Received Prepare
Registering precompiled user dll's ...
Registered in 0.003074 seconds.
Begin MonoManager ReloadAssembly
Native extension for WindowsStandalone target not found
Native extension for Android target not found
Native extension for WebGL target not found
Refreshing native plugins compatible for Editor in 0.77 ms, found 2 plugins.
Preloading 0 native plugins for Editor in 0.00 ms.
Mono: successfully reloaded assembly
- Completed reload, in  1.077 seconds
Domain Reload Profiling:
	ReloadAssembly (1077ms)
		BeginReloadAssembly (177ms)
			ExecutionOrderSort (0ms)
			DisableScriptedObjects (8ms)
			BackupInstance (0ms)
			ReleaseScriptingObjects (0ms)
			CreateAndSetChildDomain (39ms)
		EndReloadAssembly (772ms)
			LoadAssemblies (120ms)
			RebuildTransferFunctionScriptingTraits (0ms)
			SetupTypeCache (252ms)
			ReleaseScriptCaches (1ms)
			RebuildScriptCaches (46ms)
			SetupLoadedEditorAssemblies (321ms)
				LogAssemblyErrors (0ms)
				InitializePlatformSupportModulesInManaged (27ms)
				SetLoadedEditorAssemblies (1ms)
				RefreshPlugins (1ms)
				BeforeProcessingInitializeOnLoad (57ms)
				ProcessInitializeOnLoadAttributes (210ms)
				ProcessInitializeOnLoadMethodAttributes (22ms)
				AfterProcessingInitializeOnLoad (4ms)
				EditorAssembliesLoaded (0ms)
			ExecutionOrderSort2 (0ms)
			AwakeInstancesAfterBackupRestoration (8ms)
Platform modules already initialized, skipping
Refreshing native plugins compatible for Editor in 1.06 ms, found 2 plugins.
Preloading 0 native plugins for Editor in 0.00 ms.
Unloading 1402 Unused Serialized files (Serialized files now loaded: 0)
Unloading 9 unused Assets / (24.7 KB). Loaded Objects now: 1975.
Memory consumption went from 68.5 MB to 68.5 MB.
Total: 4.031400 ms (FindLiveObjects: 0.141900 ms CreateObjectMapping: 0.052500 ms MarkObjects: 3.816200 ms  DeleteObjects: 0.019600 ms)

AssetImportParameters requested are different than current active one (requested -> active):
  custom:video-decoder-ogg-theora: a1e56fd34408186e4bbccfd4996cb3dc -> 
  custom:container-muxer-webm: aa71ff27fc2769a1b78a27578f13a17b -> 
  custom:container-demuxer-webm: 4f35f7cbe854078d1ac9338744f61a02 -> 
  custom:video-encoder-webm-vp8: eb34c28f22e8b96e1ab97ce403110664 -> 
  custom:audio-encoder-webm-vorbis: bf7c407c2cedff20999df2af8eb42d56 -> 
  custom:framework-win-MediaFoundation: 216162199b28c13a410421893ffa2e32 -> 
  custom:container-demuxer-ogg: 62fdf1f143b41e24485cea50d1cbac27 -> 
  custom:video-decoder-webm-vp8: 9c59270c3fd7afecdb556c50c9e8de78 -> 
  custom:audio-decoder-ogg-vorbis: bf7c407c2cedff20999df2af8eb42d56 -> 
